2017-11-30 21:37:17,400 --------------------------------------------------------------------------------
2017-11-30 21:37:17,401 Working directory:
2017-11-30 21:37:17,401   c:\
2017-11-30 21:37:17,403    users\
2017-11-30 21:37:17,404     dariu\
2017-11-30 21:37:17,404      appdata\
2017-11-30 21:37:17,404       local\
2017-11-30 21:37:17,405        temp\
2017-11-30 21:37:17,405         DisplayCAL-hikmwe\
2017-11-30 21:37:17,407 
2017-11-30 21:37:17,407 Command line:
2017-11-30 21:37:17,408   C:\Users\dariu\Downloads\Argyll_V2.0.0\bin\dispread.exe
2017-11-30 21:37:17,410     -v
2017-11-30 21:37:17,411     -k
2017-11-30 21:37:17,411     "C:\Program Files (x86)\DisplayCAL\linear.cal"
2017-11-30 21:37:17,411     -d1
2017-11-30 21:37:17,437     -c1
2017-11-30 21:37:17,437     -yn
2017-11-30 21:37:17,437     "-P0.499507874016,0.497159090909,1.62443845463"
2017-11-30 21:37:17,437     0_16
2017-11-30 21:37:17,437 
2017-11-30 21:37:18,061 DisplayCAL: Starting interaction with subprocess
2017-11-30 21:37:18,063 Number of patches = 3
2017-11-30 21:37:18,065 Setting up the instrument
2017-11-30 21:37:19,081 Product Name:      i1Display3
2017-11-30 21:37:19,082 Serial Number:     I1-16.B-02.262810.12
2017-11-30 21:37:19,082 Firmware Version:  v2.28
2017-11-30 21:37:19,084 Firmware Date:     29Jan14
2017-11-30 21:37:19,355 Place instrument on test window.
2017-11-30 21:37:19,358 DisplayCAL: Waiting for send buffer
2017-11-30 21:37:20,848 DisplayCAL: Skipping place instrument on screen message...
2017-11-30 21:37:20,871 DisplayCAL: Sending buffer: ' '
2017-11-30 21:37:20,917 Hit Esc or Q to give up, any other key to continue:
2017-11-30 21:37:23,516 Measured display update delay of 47 msec, using delay of 162 msec & 0 msec inst reaction
2017-11-30 21:37:28,065 Patch 3 of 3
2017-11-30 21:37:28,066 The instrument can be removed from the screen.
2017-11-30 21:37:28,260 Written '0_16.ti3'
2017-11-30 21:37:28,266 DisplayCAL: Subprocess no longer alive (timeout)
2017-11-30 21:37:28,371 DisplayCAL: Reached EOF (OK)
2017-11-30 21:37:28,404 RGB level 0 is 0.391726 cd/m2
2017-11-30 21:37:28,405 RGB level 16 is 0.909411 cd/m2
2017-11-30 21:37:28,405 Assuming full range output levels
