2017-11-30 21:37:28,415 --------------------------------------------------------------------------------
2017-11-30 21:37:28,418 Working directory:
2017-11-30 21:37:28,420   c:\
2017-11-30 21:37:28,421    users\
2017-11-30 21:37:28,421     dariu\
2017-11-30 21:37:28,421      appdata\
2017-11-30 21:37:28,423       local\
2017-11-30 21:37:28,424        temp\
2017-11-30 21:37:28,424         DisplayCAL-hikmwe\
2017-11-30 21:37:28,424 
2017-11-30 21:37:28,426 Command line:
2017-11-30 21:37:28,427   C:\Users\dariu\Downloads\Argyll_V2.0.0\bin\dispcal.exe
2017-11-30 21:37:28,427     -v2
2017-11-30 21:37:28,427     -d1
2017-11-30 21:37:28,451     -c1
2017-11-30 21:37:28,454     -yn
2017-11-30 21:37:28,454     "-P0.499507874016,0.497159090909,1.62443845463"
2017-11-30 21:37:28,454     -qh
2017-11-30 21:37:28,456     -m
2017-11-30 21:37:28,456     -t6500
2017-11-30 21:37:28,457     -g2.2
2017-11-30 21:37:28,457     -f1.0
2017-11-30 21:37:28,457     -k0
2017-11-30 21:37:28,457     -A4.0
2017-11-30 21:37:28,457     -b
2017-11-30 21:37:28,459     "Y2XND-LQ156D1 #1 2017-11-30 21-37 D6500 2.2 S XYZLUT+MTX"
2017-11-30 21:37:28,459 
2017-11-30 21:37:29,072 DisplayCAL: Starting interaction with subprocess
2017-11-30 21:37:29,075 Setting up the instrument
2017-11-30 21:37:30,020 Product Name:      i1Display3
2017-11-30 21:37:30,022 Serial Number:     I1-16.B-02.262810.12
2017-11-30 21:37:30,023 Firmware Version:  v2.28
2017-11-30 21:37:30,023 Firmware Date:     29Jan14
2017-11-30 21:37:30,329 Place instrument on test window.
2017-11-30 21:37:30,335 DisplayCAL: Waiting for send buffer
2017-11-30 21:37:31,835 DisplayCAL: Skipping place instrument on screen message...
2017-11-30 21:37:31,852 DisplayCAL: Sending buffer: ' '
2017-11-30 21:37:31,875 Hit Esc or Q to give up, any other key to continue:
2017-11-30 21:37:31,881 Display type is 'n'
2017-11-30 21:37:31,882 Target white = 6500.000000 degrees kelvin Daylight spectrum
2017-11-30 21:37:31,884 Target white brightness = native brightness
2017-11-30 21:37:31,885 Target black brightness = native brightness
2017-11-30 21:37:31,888 Black point device hack is enabled
2017-11-30 21:37:31,907 Target advertised gamma = 2.200000
2017-11-30 21:37:31,908 Commencing display calibration
2017-11-30 21:37:34,480 Measured display update delay of 42 msec, using delay of 156 msec & 0 msec inst reaction
2017-11-30 21:37:48,184 Patch 9 of 9
2017-11-30 21:37:48,184 Black = XYZ 0.3765 0.3911 0.5383
2017-11-30 21:37:48,186 Red   = XYZ 209.003 106.161  3.891
2017-11-30 21:37:48,187 Green = XYZ 68.044 246.617 28.558
2017-11-30 21:37:48,191 Blue  = XYZ 79.709 28.632 433.421
2017-11-30 21:37:48,194 White = XYZ 357.818 381.944 465.817
2017-11-30 21:39:47,700 Patch 80 of 80
2017-11-30 21:39:47,828 
2017-11-30 21:39:47,828 Initial native brightness target = 381.944303 cd/m^2
2017-11-30 21:39:47,828 Had to scale brightness from 381.944303 to 355.544683 to fit within gamut,
2017-11-30 21:39:47,829 corresponding to aprox. RGB 1.000000 0.956446 0.927812
2017-11-30 21:39:47,832 Target white value is XYZ 337.825777 355.544683 386.645447 [xy 0.312797 0.329203]
2017-11-30 21:39:47,832 Adjusted target black XYZ 0.3765 0.3911 0.5383, Lab 0.994 0.056 -0.455
2017-11-30 21:39:47,834 Target black after min adjust: XYZ 0.3765 0.3911 0.5383, Lab 0.994 0.056 -0.455
2017-11-30 21:39:47,835 Gamma curve input offset = 0.000000, output offset = 0.001100, power = 2.205722
2017-11-30 21:39:47,835 Total Iteration 4, Final Samples = 96 Final Repeat threshold = 0.400000
2017-11-30 21:39:47,835 Creating initial calibration curves...
2017-11-30 21:39:47,900 
2017-11-30 21:39:47,901 Doing iteration 1/4 with 12 sample points and repeat threshold of 1.131371 DE
2017-11-30 21:39:48,361 Patch 1 of 12 DE 2.573160, W.DE 2.573160, Repeat
2017-11-30 21:39:48,855 Patch 1 of 12 DE 0.408812, W.DE 0.408812, OK ( < 1.131371)
2017-11-30 21:39:49,349 Patch 2 of 12 DE 4.582568, W.DE 4.582568, Repeat
2017-11-30 21:39:49,872 Patch 2 of 12 DE 0.552970, W.DE 0.552970, OK ( < 1.131371)
2017-11-30 21:39:50,369 Patch 3 of 12 DE 3.619972, W.DE 3.619972, Repeat
2017-11-30 21:39:50,917 Patch 3 of 12 DE 0.367342, W.DE 0.367342, OK ( < 1.131371)
2017-11-30 21:39:51,404 Patch 4 of 12 DE 2.808993, W.DE 2.808993, Repeat
2017-11-30 21:39:51,944 Patch 4 of 12 DE 0.475311, W.DE 0.475311, OK ( < 1.131371)
2017-11-30 21:39:52,456 Patch 5 of 12 DE 2.851251, W.DE 2.851251, Repeat
2017-11-30 21:39:53,013 Patch 5 of 12 DE 0.684446, W.DE 0.684446, OK ( < 1.131371)
2017-11-30 21:39:53,503 Patch 6 of 12 DE 2.588737, W.DE 2.588737, Repeat
2017-11-30 21:39:54,039 Patch 6 of 12 DE 0.740235, W.DE 0.740235, OK ( < 1.131371)
2017-11-30 21:39:54,792 Patch 7 of 12 DE 2.591280, W.DE 2.591280, Repeat
2017-11-30 21:39:55,604 Patch 7 of 12 DE 0.380704, W.DE 0.380704, OK ( < 1.131371)
2017-11-30 21:39:56,437 Patch 8 of 12 DE 0.307110, W.DE 0.307110, OK ( < 1.131371)
2017-11-30 21:39:57,734 Patch 9 of 12 DE 2.280558, W.DE 2.280558, Repeat
2017-11-30 21:39:58,815 Patch 9 of 12 DE 0.476144, W.DE 0.476144, OK ( < 1.131371)
2017-11-30 21:40:00,969 Patch 10 of 12 DE 1.703727, W.DE 1.703727, Repeat
2017-11-30 21:40:02,835 Patch 10 of 12 DE 0.810009, W.DE 0.810009, OK ( < 1.005508)
2017-11-30 21:40:05,058 Patch 11 of 12 DE 0.185742, W.DE 0.185742, Repeat
2017-11-30 21:40:13,769 Patch 11 of 12 DE 0.181822, W.DE 0.181822, Repeat
2017-11-30 21:40:15,967 Patch 11 of 12 DE 0.140218, W.DE 0.140218, Repeat
2017-11-30 21:40:18,108 Patch 11 of 12 DE 0.065214, W.DE 0.065214, OK ( < 0.097206)
2017-11-30 21:40:20,331 Patch 12 of 12 DE 0.000236, W.DE 0.236476, Repeat
2017-11-30 21:40:29,016 Patch 12 of 12 DE 0.000236, W.DE 0.236476, Repeat
2017-11-30 21:40:31,256 Patch 12 of 12 DE 0.000343, W.DE 0.343492, Repeat (got worse)
2017-11-30 21:40:33,404 Patch 12 of 12 DE 0.000240, W.DE 0.240473, Repeat (got worse)
2017-11-30 21:40:35,555 Patch 12 of 12 DE 0.000500, W.DE 0.499630, Repeat (got worse)
2017-11-30 21:40:37,723 Patch 12 of 12 DE 0.000186, W.DE 0.185760, Repeat
2017-11-30 21:40:39,875 Patch 12 of 12 DE 0.000436, W.DE 0.435586, Repeat (got worse)
2017-11-30 21:40:42,025 Patch 12 of 12 DE 0.000076, W.DE 0.076281, OK ( < 0.097206)
2017-11-30 21:40:42,030 
2017-11-30 21:40:42,032 Brightness error = 0.460533 cd/m^2 (is 356.005216, should be 355.544683)
2017-11-30 21:40:42,032 White point error = 0.405560 deltaE
2017-11-30 21:40:42,035 Maximum neutral error (@ 0.065376) = 0.810310 deltaE
2017-11-30 21:40:42,036 Average neutral error = 0.439172 deltaE
2017-11-30 21:40:42,036 Number of measurements taken = 37
2017-11-30 21:40:42,038 Computing update to calibration curves...
2017-11-30 21:40:42,102 
2017-11-30 21:40:42,105 Doing iteration 2/4 with 24 sample points and repeat threshold of 0.800000 DE
2017-11-30 21:40:42,750 Patch 1 of 24 DE 0.461980, W.DE 0.461980, OK ( < 0.800000)
2017-11-30 21:40:43,217 Patch 2 of 24 DE 0.743345, W.DE 0.743345, OK ( < 0.800000)
2017-11-30 21:40:43,688 Patch 3 of 24 DE 0.559176, W.DE 0.559176, OK ( < 0.800000)
2017-11-30 21:40:44,157 Patch 4 of 24 DE 0.783245, W.DE 0.783245, OK ( < 0.800000)
2017-11-30 21:40:44,617 Patch 5 of 24 DE 0.332471, W.DE 0.332471, OK ( < 0.800000)
2017-11-30 21:40:45,086 Patch 6 of 24 DE 0.397101, W.DE 0.397101, OK ( < 0.800000)
2017-11-30 21:40:45,549 Patch 7 of 24 DE 0.703094, W.DE 0.703094, OK ( < 0.800000)
2017-11-30 21:40:46,017 Patch 8 of 24 DE 0.610431, W.DE 0.610431, OK ( < 0.800000)
2017-11-30 21:40:46,483 Patch 9 of 24 DE 0.778417, W.DE 0.778417, OK ( < 0.800000)
2017-11-30 21:40:46,954 Patch 10 of 24 DE 0.849414, W.DE 0.849414, Repeat
2017-11-30 21:40:47,443 Patch 10 of 24 DE 0.428985, W.DE 0.428985, OK ( < 0.800000)
2017-11-30 21:40:47,938 Patch 11 of 24 DE 0.817049, W.DE 0.817049, Repeat
2017-11-30 21:40:50,114 Patch 11 of 24 DE 0.677631, W.DE 0.677631, OK ( < 0.800000)
2017-11-30 21:40:50,611 Patch 12 of 24 DE 1.023751, W.DE 1.023751, Repeat
2017-11-30 21:40:51,101 Patch 12 of 24 DE 0.518620, W.DE 0.518620, OK ( < 0.800000)
2017-11-30 21:40:51,805 Patch 13 of 24 DE 1.254131, W.DE 1.254131, Repeat
2017-11-30 21:40:52,509 Patch 13 of 24 DE 0.338611, W.DE 0.338611, OK ( < 0.800000)
2017-11-30 21:40:53,270 Patch 14 of 24 DE 1.175030, W.DE 1.175030, Repeat
2017-11-30 21:40:54,019 Patch 14 of 24 DE 0.461524, W.DE 0.461524, OK ( < 0.800000)
2017-11-30 21:40:54,838 Patch 15 of 24 DE 1.091104, W.DE 1.091104, Repeat
2017-11-30 21:40:55,618 Patch 15 of 24 DE 0.407351, W.DE 0.407351, OK ( < 0.800000)
2017-11-30 21:40:56,483 Patch 16 of 24 DE 1.078407, W.DE 1.078407, Repeat
2017-11-30 21:41:00,065 Patch 16 of 24 DE 1.078407, W.DE 1.078407, Repeat
2017-11-30 21:41:00,918 Patch 16 of 24 DE 0.384296, W.DE 0.384296, OK ( < 0.800000)
2017-11-30 21:41:01,894 Patch 17 of 24 DE 1.313263, W.DE 1.313263, Repeat
2017-11-30 21:41:05,805 Patch 17 of 24 DE 1.313263, W.DE 1.313263, Repeat
2017-11-30 21:41:06,746 Patch 17 of 24 DE 0.343555, W.DE 0.343555, OK ( < 0.800000)
2017-11-30 21:41:07,996 Patch 18 of 24 DE 1.619083, W.DE 1.619083, Repeat
2017-11-30 21:41:09,112 Patch 18 of 24 DE 0.674160, W.DE 0.674160, OK ( < 0.800000)
2017-11-30 21:41:10,688 Patch 19 of 24 DE 1.487743, W.DE 1.487743, Repeat
2017-11-30 21:41:12,170 Patch 19 of 24 DE 0.825089, W.DE 0.825089, Repeat
2017-11-30 21:41:13,540 Patch 19 of 24 DE 0.518463, W.DE 0.518463, OK ( < 0.800000)
2017-11-30 21:41:15,526 Patch 20 of 24 DE 0.979201, W.DE 0.979201, Repeat
2017-11-30 21:41:17,375 Patch 20 of 24 DE 0.501887, W.DE 0.501887, OK ( < 0.599987)
2017-11-30 21:41:19,536 Patch 21 of 24 DE 0.493198, W.DE 0.493198, Repeat
2017-11-30 21:41:21,530 Patch 21 of 24 DE 0.312325, W.DE 0.312325, Repeat
2017-11-30 21:41:23,671 Patch 21 of 24 DE 0.245994, W.DE 0.245994, OK ( < 0.259727)
2017-11-30 21:41:25,894 Patch 22 of 24 DE 0.136186, W.DE 0.136186, Repeat
2017-11-30 21:41:34,592 Patch 22 of 24 DE 0.121086, W.DE 0.121086, Repeat
2017-11-30 21:41:36,772 Patch 22 of 24 DE 0.113245, W.DE 0.113245, Repeat
2017-11-30 21:41:38,901 Patch 22 of 24 DE 0.072665, W.DE 0.072665, OK ( < 0.075353)
2017-11-30 21:41:41,128 Patch 23 of 24 DE 0.020249, W.DE 0.020249, OK ( < 0.050000)
2017-11-30 21:41:43,351 Patch 24 of 24 DE 0.003491, W.DE 0.003491, OK ( < 0.050000)
2017-11-30 21:41:43,357 
2017-11-30 21:41:43,358 Brightness error = 0.395126 cd/m^2 (is 355.939809, should be 355.544683)
2017-11-30 21:41:43,359 White point error = 0.459808 deltaE
2017-11-30 21:41:43,361 Maximum neutral error (@ 0.799620) = 0.783245 deltaE
2017-11-30 21:41:43,361 Average neutral error = 0.456896 deltaE
2017-11-30 21:41:43,362 Number of measurements taken = 55
2017-11-30 21:41:43,365 Computing update to calibration curves...
2017-11-30 21:41:43,440 
2017-11-30 21:41:43,457 Doing iteration 3/4 with 48 sample points and repeat threshold of 0.565685 DE
2017-11-30 21:41:44,108 Patch 1 of 48 DE 0.461980, W.DE 0.461980, OK ( < 0.565685)
2017-11-30 21:41:44,576 Patch 2 of 48 DE 0.344439, W.DE 0.344439, OK ( < 0.565685)
2017-11-30 21:41:45,040 Patch 3 of 48 DE 0.677265, W.DE 0.677265, Repeat
2017-11-30 21:41:45,457 Patch 3 of 48 DE 0.269907, W.DE 0.269907, OK ( < 0.565685)
2017-11-30 21:41:45,911 Patch 4 of 48 DE 0.066560, W.DE 0.066560, OK ( < 0.565685)
2017-11-30 21:41:46,372 Patch 5 of 48 DE 0.467636, W.DE 0.467636, OK ( < 0.565685)
2017-11-30 21:41:46,838 Patch 6 of 48 DE 0.402827, W.DE 0.402827, OK ( < 0.565685)
2017-11-30 21:41:47,305 Patch 7 of 48 DE 0.741316, W.DE 0.741316, Repeat
2017-11-30 21:41:47,729 Patch 7 of 48 DE 0.274335, W.DE 0.274335, OK ( < 0.565685)
2017-11-30 21:41:48,187 Patch 8 of 48 DE 0.969198, W.DE 0.969198, Repeat
2017-11-30 21:41:50,147 Patch 8 of 48 DE 0.787435, W.DE 0.787435, Repeat
2017-11-30 21:41:50,693 Patch 8 of 48 DE 0.223558, W.DE 0.223558, OK ( < 0.565685)
2017-11-30 21:41:51,157 Patch 9 of 48 DE 0.956867, W.DE 0.956867, Repeat
2017-11-30 21:41:51,588 Patch 9 of 48 DE 0.572246, W.DE 0.572246, Repeat
2017-11-30 21:41:53,595 Patch 9 of 48 DE 0.468140, W.DE 0.468140, OK ( < 0.565685)
2017-11-30 21:41:54,092 Patch 10 of 48 DE 0.835022, W.DE 0.835022, Repeat
2017-11-30 21:41:54,526 Patch 10 of 48 DE 0.593226, W.DE 0.593226, Repeat
2017-11-30 21:41:54,996 Patch 10 of 48 DE 0.422840, W.DE 0.422840, OK ( < 0.565685)
2017-11-30 21:41:55,460 Patch 11 of 48 DE 0.687933, W.DE 0.687933, Repeat
2017-11-30 21:41:55,895 Patch 11 of 48 DE 0.169070, W.DE 0.169070, OK ( < 0.565685)
2017-11-30 21:41:56,374 Patch 12 of 48 DE 0.201067, W.DE 0.201067, OK ( < 0.565685)
2017-11-30 21:41:56,841 Patch 13 of 48 DE 0.689435, W.DE 0.689435, Repeat
2017-11-30 21:41:57,306 Patch 13 of 48 DE 0.294435, W.DE 0.294435, OK ( < 0.565685)
2017-11-30 21:41:57,775 Patch 14 of 48 DE 0.633063, W.DE 0.633063, Repeat
2017-11-30 21:41:59,782 Patch 14 of 48 DE 0.633063, W.DE 0.633063, Repeat
2017-11-30 21:42:00,332 Patch 14 of 48 DE 0.895050, W.DE 0.895050, Repeat
2017-11-30 21:42:00,742 Patch 14 of 48 DE 0.478765, W.DE 0.478765, OK ( < 0.565685)
2017-11-30 21:42:01,210 Patch 15 of 48 DE 0.630108, W.DE 0.630108, Repeat
2017-11-30 21:42:03,216 Patch 15 of 48 DE 0.630108, W.DE 0.630108, Repeat
2017-11-30 21:42:03,763 Patch 15 of 48 DE 0.512632, W.DE 0.512632, OK ( < 0.565685)
2017-11-30 21:42:04,227 Patch 16 of 48 DE 0.584157, W.DE 0.584157, Repeat
2017-11-30 21:42:06,266 Patch 16 of 48 DE 0.482254, W.DE 0.482254, OK ( < 0.565685)
2017-11-30 21:42:06,779 Patch 17 of 48 DE 0.633587, W.DE 0.633587, Repeat
2017-11-30 21:42:08,835 Patch 17 of 48 DE 0.633587, W.DE 0.633587, Repeat
2017-11-30 21:42:09,382 Patch 17 of 48 DE 0.145448, W.DE 0.145448, OK ( < 0.565685)
2017-11-30 21:42:09,841 Patch 18 of 48 DE 0.881213, W.DE 0.881213, Repeat
2017-11-30 21:42:10,309 Patch 18 of 48 DE 0.471436, W.DE 0.471436, OK ( < 0.565685)
2017-11-30 21:42:10,779 Patch 19 of 48 DE 0.708088, W.DE 0.708088, Repeat
2017-11-30 21:42:12,920 Patch 19 of 48 DE 0.708088, W.DE 0.708088, Repeat
2017-11-30 21:42:13,391 Patch 19 of 48 DE 0.889839, W.DE 0.889839, Repeat
2017-11-30 21:42:13,789 Patch 19 of 48 DE 0.570216, W.DE 0.570216, Repeat
2017-11-30 21:42:14,184 Patch 19 of 48 DE 0.307655, W.DE 0.307655, OK ( < 0.565685)
2017-11-30 21:42:14,657 Patch 20 of 48 DE 0.678438, W.DE 0.678438, Repeat
2017-11-30 21:42:15,121 Patch 20 of 48 DE 0.355171, W.DE 0.355171, OK ( < 0.565685)
2017-11-30 21:42:15,592 Patch 21 of 48 DE 0.315880, W.DE 0.315880, OK ( < 0.565685)
2017-11-30 21:42:16,062 Patch 22 of 48 DE 0.279753, W.DE 0.279753, OK ( < 0.565685)
2017-11-30 21:42:16,523 Patch 23 of 48 DE 0.418052, W.DE 0.418052, OK ( < 0.565685)
2017-11-30 21:42:16,992 Patch 24 of 48 DE 0.301138, W.DE 0.301138, OK ( < 0.565685)
2017-11-30 21:42:17,654 Patch 25 of 48 DE 0.291464, W.DE 0.291464, OK ( < 0.565685)
2017-11-30 21:42:18,342 Patch 26 of 48 DE 0.436021, W.DE 0.436021, OK ( < 0.565685)
2017-11-30 21:42:19,042 Patch 27 of 48 DE 0.358109, W.DE 0.358109, OK ( < 0.565685)
2017-11-30 21:42:19,763 Patch 28 of 48 DE 0.532608, W.DE 0.532608, OK ( < 0.565685)
2017-11-30 21:42:20,519 Patch 29 of 48 DE 0.645023, W.DE 0.645023, Repeat
2017-11-30 21:42:21,255 Patch 29 of 48 DE 0.502934, W.DE 0.502934, OK ( < 0.565685)
2017-11-30 21:42:22,038 Patch 30 of 48 DE 0.488088, W.DE 0.488088, OK ( < 0.565685)
2017-11-30 21:42:22,845 Patch 31 of 48 DE 0.903169, W.DE 0.903169, Repeat
2017-11-30 21:42:26,359 Patch 31 of 48 DE 0.814729, W.DE 0.814729, Repeat
2017-11-30 21:42:27,173 Patch 31 of 48 DE 0.451278, W.DE 0.451278, OK ( < 0.565685)
2017-11-30 21:42:28,023 Patch 32 of 48 DE 1.162183, W.DE 1.162183, Repeat
2017-11-30 21:42:28,878 Patch 32 of 48 DE 0.617357, W.DE 0.617357, Repeat
2017-11-30 21:42:32,476 Patch 32 of 48 DE 0.617357, W.DE 0.617357, Repeat
2017-11-30 21:42:33,331 Patch 32 of 48 DE 0.730708, W.DE 0.730708, Repeat (got worse)
2017-11-30 21:42:34,130 Patch 32 of 48 DE 0.342294, W.DE 0.342294, OK ( < 0.565685)
2017-11-30 21:42:35,035 Patch 33 of 48 DE 0.522230, W.DE 0.522230, OK ( < 0.565685)
2017-11-30 21:42:36,009 Patch 34 of 48 DE 0.244565, W.DE 0.244565, OK ( < 0.565685)
2017-11-30 21:42:37,009 Patch 35 of 48 DE 0.210391, W.DE 0.210391, OK ( < 0.565685)
2017-11-30 21:42:38,115 Patch 36 of 48 DE 0.241878, W.DE 0.241878, OK ( < 0.565685)
2017-11-30 21:42:39,420 Patch 37 of 48 DE 0.406094, W.DE 0.406094, OK ( < 0.565685)
2017-11-30 21:42:40,861 Patch 38 of 48 DE 0.613227, W.DE 0.613227, Repeat
2017-11-30 21:42:46,398 Patch 38 of 48 DE 0.613227, W.DE 0.613227, Repeat
2017-11-30 21:42:47,844 Patch 38 of 48 DE 0.643322, W.DE 0.643322, Repeat (got worse)
2017-11-30 21:42:49,194 Patch 38 of 48 DE 0.232579, W.DE 0.232579, OK ( < 0.565685)
2017-11-30 21:42:50,792 Patch 39 of 48 DE 0.248995, W.DE 0.248995, OK ( < 0.449368)
2017-11-30 21:42:52,556 Patch 40 of 48 DE 0.408670, W.DE 0.408670, Repeat
2017-11-30 21:42:54,213 Patch 40 of 48 DE 0.146968, W.DE 0.146968, OK ( < 0.327692)
2017-11-30 21:42:56,158 Patch 41 of 48 DE 0.327763, W.DE 0.327763, Repeat
2017-11-30 21:42:57,973 Patch 41 of 48 DE 0.118719, W.DE 0.118719, OK ( < 0.228470)
2017-11-30 21:43:00,111 Patch 42 of 48 DE 0.148088, W.DE 0.148088, OK ( < 0.150068)
2017-11-30 21:43:02,243 Patch 43 of 48 DE 0.144898, W.DE 0.144898, Repeat
2017-11-30 21:43:04,302 Patch 43 of 48 DE 0.070056, W.DE 0.070056, OK ( < 0.090731)
2017-11-30 21:43:06,437 Patch 44 of 48 DE 0.086192, W.DE 0.086192, Repeat
2017-11-30 21:43:15,165 Patch 44 of 48 DE 0.068989, W.DE 0.068989, Repeat
2017-11-30 21:43:17,325 Patch 44 of 48 DE 0.069308, W.DE 0.069308, Repeat (got worse)
2017-11-30 21:43:19,372 Patch 44 of 48 DE 0.030237, W.DE 0.030237, OK ( < 0.050000)
2017-11-30 21:43:21,565 Patch 45 of 48 DE 0.048464, W.DE 0.048464, OK ( < 0.050000)
2017-11-30 21:43:23,778 Patch 46 of 48 DE 0.015894, W.DE 0.015894, OK ( < 0.050000)
2017-11-30 21:43:25,973 Patch 47 of 48 DE 0.007240, W.DE 0.007240, OK ( < 0.050000)
2017-11-30 21:43:28,173 Patch 48 of 48 DE 0.003286, W.DE 0.003286, OK ( < 0.050000)
2017-11-30 21:43:28,178 
2017-11-30 21:43:28,180 Brightness error = 0.395126 cd/m^2 (is 355.939809, should be 355.544683)
2017-11-30 21:43:28,180 White point error = 0.459808 deltaE
2017-11-30 21:43:28,183 Maximum neutral error (@ 0.254854) = 0.532311 deltaE
2017-11-30 21:43:28,184 Average neutral error = 0.296500 deltaE
2017-11-30 21:43:28,184 Number of measurements taken = 121
2017-11-30 21:43:28,186 Computing update to calibration curves...
2017-11-30 21:43:28,326 
2017-11-30 21:43:28,328 Doing iteration 4/4 with 96 sample points and repeat threshold of 0.400000 DE
2017-11-30 21:43:28,996 Patch 1 of 96 DE 0.479891, W.DE 0.479891, peqDE 0.479891, Repeat
2017-11-30 21:43:30,934 Patch 1 of 96 DE 0.479891, W.DE 0.479891, peqDE 0.479891, Repeat
2017-11-30 21:43:31,482 Patch 1 of 96 DE 0.746409, W.DE 0.746409, peqDE 0.746409, Repeat (got worse)
2017-11-30 21:43:31,884 Patch 1 of 96 DE 0.519150, W.DE 0.519150, peqDE 0.519150, Repeat (got worse)
2017-11-30 21:43:32,272 Patch 1 of 96 DE 0.574757, W.DE 0.574757, peqDE 0.574757, Repeat (got worse)
2017-11-30 21:43:32,671 Patch 1 of 96 DE 0.788079, W.DE 0.788079, peqDE 0.788079, Repeat (got worse)
2017-11-30 21:43:33,043 Patch 1 of 96 DE 0.570118, W.DE 0.570118, peqDE 0.570118, Repeat (got worse)
2017-11-30 21:43:33,417 Patch 1 of 96 DE 0.737779, W.DE 0.737779, peqDE 0.737779, Repeat (got worse)
2017-11-30 21:43:33,792 Patch 1 of 96 DE 0.479891, W.DE 0.479891, peqDE 0.479891, Repeat
2017-11-30 21:43:34,197 Patch 1 of 96 DE 0.570118, W.DE 0.570118, peqDE 0.570118, Repeat (got worse)
2017-11-30 21:43:34,562 Patch 1 of 96 DE 0.717492, W.DE 0.717492, peqDE 0.717492, Repeat (got worse)
2017-11-30 21:43:34,930 Patch 1 of 96 DE 0.548968, W.DE 0.548968, peqDE 0.548968, Repeat (got worse)
2017-11-30 21:43:35,292 Patch 1 of 96 DE 0.519150, W.DE 0.519150, peqDE 0.519150, Repeat (got worse)
2017-11-30 21:43:35,660 Patch 1 of 96 DE 0.767767, W.DE 0.767767, peqDE 0.767767, Repeat (got worse)
2017-11-30 21:43:36,026 Patch 1 of 96 DE 0.570118, W.DE 0.570118, peqDE 0.570118, Repeat (got worse)
2017-11-30 21:43:36,392 Patch 1 of 96 DE 0.479891, W.DE 0.479891, W.peqDE 0.479891, Fail ( > 0.400000)
2017-11-30 21:43:36,826 Patch 2 of 96 DE 0.299400, W.DE 0.299400, peqDE 0.740971, Repeat
2017-11-30 21:43:38,782 Patch 2 of 96 DE 0.419622, W.DE 0.419622, peqDE 0.139339, Repeat
2017-11-30 21:43:39,351 Patch 2 of 96 DE 0.419622, W.DE 0.419622, peqDE 0.139339, Repeat
2017-11-30 21:43:39,757 Patch 2 of 96 DE 0.277280, W.DE 0.277280, peqDE 0.714069, Repeat (got worse)
2017-11-30 21:43:40,150 Patch 2 of 96 DE 0.419622, W.DE 0.419622, peqDE 0.139339, Repeat
2017-11-30 21:43:40,528 Patch 2 of 96 DE 0.928015, W.DE 0.928015, peqDE 1.366559, Repeat (got worse)
2017-11-30 21:43:40,946 Patch 2 of 96 DE 0.391716, W.DE 0.391716, W.peqDE 0.139418, OK ( < 0.400000)
2017-11-30 21:43:41,381 Patch 3 of 96 DE 0.301548, W.DE 0.301548, peqDE 0.644472, Repeat
2017-11-30 21:43:43,355 Patch 3 of 96 DE 0.269352, W.DE 0.269352, W.peqDE 0.137451, OK ( < 0.400000)
2017-11-30 21:43:43,887 Patch 4 of 96 DE 0.549356, W.DE 0.549356, peqDE 0.363831, Repeat
2017-11-30 21:43:44,298 Patch 4 of 96 DE 0.221652, W.DE 0.221652, peqDE 0.489608, Repeat
2017-11-30 21:43:46,253 Patch 4 of 96 DE 0.221652, W.DE 0.221652, peqDE 0.489608, Repeat
2017-11-30 21:43:46,815 Patch 4 of 96 DE 0.368339, W.DE 0.368339, W.peqDE 0.272714, OK ( < 0.400000)
2017-11-30 21:43:47,263 Patch 5 of 96 DE 0.654991, W.DE 0.654991, peqDE 0.637277, Repeat
2017-11-30 21:43:49,221 Patch 5 of 96 DE 0.654991, W.DE 0.654991, peqDE 0.637277, Repeat
2017-11-30 21:43:49,767 Patch 5 of 96 DE 0.245866, W.DE 0.245866, peqDE 0.527808, Repeat
2017-11-30 21:43:50,190 Patch 5 of 96 DE 0.401602, W.DE 0.401602, peqDE 0.164563, Repeat (got worse)
2017-11-30 21:43:50,599 Patch 5 of 96 DE 0.245866, W.DE 0.245866, peqDE 0.527808, Repeat
2017-11-30 21:43:51,016 Patch 5 of 96 DE 0.361871, W.DE 0.361871, W.peqDE 0.140270, OK ( < 0.400000)
2017-11-30 21:43:51,464 Patch 6 of 96 DE 0.655210, W.DE 0.655210, peqDE 0.367085, Repeat
2017-11-30 21:43:53,437 Patch 6 of 96 DE 0.655210, W.DE 0.655210, peqDE 0.367085, Repeat
2017-11-30 21:43:53,986 Patch 6 of 96 DE 0.762558, W.DE 0.762558, peqDE 1.096182, Repeat (got worse)
2017-11-30 21:43:54,426 Patch 6 of 96 DE 0.666193, W.DE 0.666193, peqDE 0.368510, Repeat
2017-11-30 21:43:54,838 Patch 6 of 96 DE 0.263735, W.DE 0.263735, W.peqDE 0.385863, OK ( < 0.400000)
2017-11-30 21:43:55,278 Patch 7 of 96 DE 0.126715, W.DE 0.126715, W.peqDE 0.173169, OK ( < 0.400000)
2017-11-30 21:43:55,736 Patch 8 of 96 DE 0.531648, W.DE 0.531648, peqDE 0.495837, Repeat
2017-11-30 21:43:57,719 Patch 8 of 96 DE 0.531648, W.DE 0.531648, peqDE 0.495837, Repeat
2017-11-30 21:43:58,283 Patch 8 of 96 DE 0.624945, W.DE 0.624945, peqDE 0.644222, Repeat (got worse)
2017-11-30 21:43:58,697 Patch 8 of 96 DE 0.264732, W.DE 0.264732, W.peqDE 0.239492, OK ( < 0.400000)
2017-11-30 21:43:59,131 Patch 9 of 96 DE 0.470137, W.DE 0.470137, peqDE 0.370331, Repeat
2017-11-30 21:43:59,532 Patch 9 of 96 DE 0.342611, W.DE 0.342611, peqDE 0.501666, Repeat
2017-11-30 21:44:01,487 Patch 9 of 96 DE 0.342611, W.DE 0.342611, peqDE 0.501666, Repeat
2017-11-30 21:44:02,048 Patch 9 of 96 DE 0.434300, W.DE 0.434300, peqDE 0.227112, Repeat (got worse)
2017-11-30 21:44:02,447 Patch 9 of 96 DE 0.436283, W.DE 0.436283, peqDE 0.630335, Repeat (got worse)
2017-11-30 21:44:02,822 Patch 9 of 96 DE 0.418373, W.DE 0.418373, peqDE 0.213516, Repeat (got worse)
2017-11-30 21:44:03,217 Patch 9 of 96 DE 0.444298, W.DE 0.444298, peqDE 0.238507, Repeat (got worse)
2017-11-30 21:44:03,578 Patch 9 of 96 DE 0.352769, W.DE 0.352769, peqDE 0.519423, Repeat (got worse)
2017-11-30 21:44:03,944 Patch 9 of 96 DE 0.470137, W.DE 0.470137, peqDE 0.370331, Repeat (got worse)
2017-11-30 21:44:04,325 Patch 9 of 96 DE 0.352769, W.DE 0.352769, peqDE 0.519423, Repeat (got worse)
2017-11-30 21:44:04,694 Patch 9 of 96 DE 0.364860, W.DE 0.364860, peqDE 0.538096, Repeat (got worse)
2017-11-30 21:44:05,062 Patch 9 of 96 DE 0.418373, W.DE 0.418373, peqDE 0.213516, Repeat (got worse)
2017-11-30 21:44:05,428 Patch 9 of 96 DE 0.410660, W.DE 0.410660, peqDE 0.608608, Repeat (got worse)
2017-11-30 21:44:05,826 Patch 9 of 96 DE 0.434300, W.DE 0.434300, peqDE 0.227112, Repeat (got worse)
2017-11-30 21:44:06,177 Patch 9 of 96 DE 0.375020, W.DE 0.375020, W.peqDE 0.165921, OK ( < 0.400000)
2017-11-30 21:44:06,611 Patch 10 of 96 DE 0.472540, W.DE 0.472540, peqDE 0.184386, Repeat
2017-11-30 21:44:08,586 Patch 10 of 96 DE 0.472540, W.DE 0.472540, peqDE 0.184386, Repeat
2017-11-30 21:44:09,135 Patch 10 of 96 DE 0.442534, W.DE 0.442534, peqDE 0.770946, Repeat
2017-11-30 21:44:09,566 Patch 10 of 96 DE 0.285027, W.DE 0.285027, peqDE 0.555264, Repeat
2017-11-30 21:44:09,970 Patch 10 of 96 DE 0.486293, W.DE 0.486293, peqDE 0.186292, Repeat
2017-11-30 21:44:10,391 Patch 10 of 96 DE 0.464906, W.DE 0.464906, peqDE 0.789203, Repeat
2017-11-30 21:44:10,809 Patch 10 of 96 DE 0.809135, W.DE 0.809135, peqDE 0.548412, Repeat
2017-11-30 21:44:11,220 Patch 10 of 96 DE 0.435189, W.DE 0.435189, peqDE 0.763961, Repeat
2017-11-30 21:44:11,657 Patch 10 of 96 DE 0.486293, W.DE 0.486293, peqDE 0.186292, Repeat
2017-11-30 21:44:12,055 Patch 10 of 96 DE 0.464906, W.DE 0.464906, peqDE 0.789203, Repeat
2017-11-30 21:44:12,474 Patch 10 of 96 DE 0.748691, W.DE 0.748691, peqDE 0.501569, Repeat
2017-11-30 21:44:12,900 Patch 10 of 96 DE 1.109041, W.DE 1.109041, peqDE 0.555264, Repeat (got worse)
2017-11-30 21:44:13,345 Patch 10 of 96 DE 0.457407, W.DE 0.457407, peqDE 0.166110, Repeat
2017-11-30 21:44:13,749 Patch 10 of 96 DE 0.495229, W.DE 0.495229, peqDE 0.815111, Repeat
2017-11-30 21:44:14,148 Patch 10 of 96 DE 0.768886, W.DE 0.768886, peqDE 0.523734, Repeat
2017-11-30 21:44:14,536 Patch 10 of 96 DE 0.285027, W.DE 0.285027, W.peqDE 0.555264, Fail ( > 0.400000)
2017-11-30 21:44:14,982 Patch 11 of 96 DE 0.341479, W.DE 0.341479, peqDE 0.550557, Repeat
2017-11-30 21:44:16,986 Patch 11 of 96 DE 0.322008, W.DE 0.322008, W.peqDE 0.216157, OK ( < 0.400000)
2017-11-30 21:44:17,505 Patch 12 of 96 DE 0.237140, W.DE 0.237140, W.peqDE 0.214140, OK ( < 0.400000)
2017-11-30 21:44:17,947 Patch 13 of 96 DE 0.273751, W.DE 0.273751, W.peqDE 0.216033, OK ( < 0.400000)
2017-11-30 21:44:18,398 Patch 14 of 96 DE 0.447992, W.DE 0.447992, peqDE 0.216537, Repeat
2017-11-30 21:44:18,812 Patch 14 of 96 DE 0.320040, W.DE 0.320040, peqDE 0.542601, Repeat
2017-11-30 21:44:20,792 Patch 14 of 96 DE 0.272616, W.DE 0.272616, peqDE 0.439507, Repeat
2017-11-30 21:44:21,342 Patch 14 of 96 DE 0.689729, W.DE 0.689729, peqDE 0.885090, Repeat
2017-11-30 21:44:21,744 Patch 14 of 96 DE 0.843582, W.DE 0.843582, peqDE 0.649113, Repeat
2017-11-30 21:44:22,163 Patch 14 of 96 DE 0.705867, W.DE 0.705867, peqDE 0.908473, Repeat
2017-11-30 21:44:22,562 Patch 14 of 96 DE 0.272616, W.DE 0.272616, peqDE 0.439507, Repeat
2017-11-30 21:44:22,996 Patch 14 of 96 DE 0.875273, W.DE 0.875273, peqDE 0.680339, Repeat
2017-11-30 21:44:23,415 Patch 14 of 96 DE 0.752726, W.DE 0.752726, peqDE 0.952857, Repeat
2017-11-30 21:44:23,811 Patch 14 of 96 DE 0.447992, W.DE 0.447992, peqDE 0.216537, Repeat
2017-11-30 21:44:24,246 Patch 14 of 96 DE 0.815388, W.DE 0.815388, peqDE 1.062762, Repeat
2017-11-30 21:44:24,661 Patch 14 of 96 DE 0.447992, W.DE 0.447992, peqDE 0.216537, Repeat
2017-11-30 21:44:25,079 Patch 14 of 96 DE 0.295031, W.DE 0.295031, peqDE 0.509564, Repeat (got worse)
2017-11-30 21:44:25,470 Patch 14 of 96 DE 0.502477, W.DE 0.502477, peqDE 0.254928, Repeat
2017-11-30 21:44:25,890 Patch 14 of 96 DE 1.067391, W.DE 1.067391, peqDE 1.323817, Repeat
2017-11-30 21:44:26,302 Patch 14 of 96 DE 0.272616, W.DE 0.272616, W.peqDE 0.439507, Fail ( > 0.400000)
2017-11-30 21:44:26,766 Patch 15 of 96 DE 0.112393, W.DE 0.112393, W.peqDE 0.182356, OK ( < 0.400000)
2017-11-30 21:44:27,201 Patch 16 of 96 DE 0.640210, W.DE 0.640210, peqDE 0.546172, Repeat
2017-11-30 21:44:29,163 Patch 16 of 96 DE 0.640210, W.DE 0.640210, peqDE 0.546172, Repeat
2017-11-30 21:44:29,707 Patch 16 of 96 DE 0.725144, W.DE 0.725144, peqDE 0.832556, Repeat
2017-11-30 21:44:30,140 Patch 16 of 96 DE 0.952271, W.DE 0.952271, peqDE 0.840058, Repeat (got worse)
2017-11-30 21:44:30,569 Patch 16 of 96 DE 0.766301, W.DE 0.766301, peqDE 0.874118, Repeat
2017-11-30 21:44:30,990 Patch 16 of 96 DE 0.651910, W.DE 0.651910, peqDE 0.557642, Repeat
2017-11-30 21:44:31,401 Patch 16 of 96 DE 0.725144, W.DE 0.725144, peqDE 0.832556, Repeat
2017-11-30 21:44:31,825 Patch 16 of 96 DE 0.651910, W.DE 0.651910, peqDE 0.557642, Repeat
2017-11-30 21:44:32,217 Patch 16 of 96 DE 0.725144, W.DE 0.725144, peqDE 0.832556, Repeat
2017-11-30 21:44:32,644 Patch 16 of 96 DE 0.586601, W.DE 0.586601, peqDE 0.493543, Repeat
2017-11-30 21:44:33,032 Patch 16 of 96 DE 0.605024, W.DE 0.605024, peqDE 0.657957, Repeat (got worse)
2017-11-30 21:44:33,448 Patch 16 of 96 DE 0.651910, W.DE 0.651910, peqDE 0.557642, Repeat (got worse)
2017-11-30 21:44:33,825 Patch 16 of 96 DE 0.759645, W.DE 0.759645, peqDE 0.866376, Repeat (got worse)
2017-11-30 21:44:34,213 Patch 16 of 96 DE 0.345318, W.DE 0.345318, W.peqDE 0.266982, OK ( < 0.400000)
2017-11-30 21:44:34,650 Patch 17 of 96 DE 0.256096, W.DE 0.256096, W.peqDE 0.197227, OK ( < 0.400000)
2017-11-30 21:44:35,098 Patch 18 of 96 DE 0.344163, W.DE 0.344163, W.peqDE 0.334231, OK ( < 0.400000)
2017-11-30 21:44:35,530 Patch 19 of 96 DE 0.627227, W.DE 0.627227, peqDE 0.950012, Repeat
2017-11-30 21:44:37,523 Patch 19 of 96 DE 0.627227, W.DE 0.627227, peqDE 0.950012, Repeat
2017-11-30 21:44:38,071 Patch 19 of 96 DE 0.806779, W.DE 0.806779, peqDE 0.512417, Repeat (got worse)
2017-11-30 21:44:38,484 Patch 19 of 96 DE 0.627227, W.DE 0.627227, peqDE 0.950012, Repeat
2017-11-30 21:44:38,875 Patch 19 of 96 DE 0.804180, W.DE 0.804180, peqDE 0.518064, Repeat (got worse)
2017-11-30 21:44:39,269 Patch 19 of 96 DE 0.672200, W.DE 0.672200, peqDE 0.996697, Repeat (got worse)
2017-11-30 21:44:39,674 Patch 19 of 96 DE 0.367612, W.DE 0.367612, peqDE 0.531365, Repeat
2017-11-30 21:44:40,065 Patch 19 of 96 DE 0.374914, W.DE 0.374914, W.peqDE 0.319875, OK ( < 0.400000)
2017-11-30 21:44:40,516 Patch 20 of 96 DE 0.247173, W.DE 0.247173, peqDE 0.547799, Repeat
2017-11-30 21:44:42,440 Patch 20 of 96 DE 0.247173, W.DE 0.247173, peqDE 0.547799, Repeat
2017-11-30 21:44:42,987 Patch 20 of 96 DE 0.370432, W.DE 0.370432, W.peqDE 0.108494, OK ( < 0.400000)
2017-11-30 21:44:43,431 Patch 21 of 96 DE 0.540368, W.DE 0.540368, peqDE 0.766194, Repeat
2017-11-30 21:44:45,408 Patch 21 of 96 DE 0.540368, W.DE 0.540368, peqDE 0.766194, Repeat
2017-11-30 21:44:45,954 Patch 21 of 96 DE 0.744421, W.DE 0.744421, peqDE 0.778810, Repeat (got worse)
2017-11-30 21:44:46,388 Patch 21 of 96 DE 0.619681, W.DE 0.619681, peqDE 0.269263, Repeat
2017-11-30 21:44:46,813 Patch 21 of 96 DE 0.800345, W.DE 0.800345, peqDE 1.138274, Repeat (got worse)
2017-11-30 21:44:47,233 Patch 21 of 96 DE 0.513128, W.DE 0.513128, peqDE 0.746578, Repeat
2017-11-30 21:44:47,614 Patch 21 of 96 DE 0.645600, W.DE 0.645600, peqDE 0.289589, Repeat (got worse)
2017-11-30 21:44:47,999 Patch 21 of 96 DE 0.228981, W.DE 0.228981, peqDE 0.474758, Repeat
2017-11-30 21:44:48,367 Patch 21 of 96 DE 0.838473, W.DE 0.838473, peqDE 0.474758, Repeat (got worse)
2017-11-30 21:44:48,730 Patch 21 of 96 DE 0.513128, W.DE 0.513128, peqDE 0.746578, Repeat
2017-11-30 21:44:49,115 Patch 21 of 96 DE 0.753825, W.DE 0.753825, peqDE 0.774145, Repeat (got worse)
2017-11-30 21:44:49,519 Patch 21 of 96 DE 0.513128, W.DE 0.513128, peqDE 0.746578, Repeat
2017-11-30 21:44:49,897 Patch 21 of 96 DE 0.639997, W.DE 0.639997, peqDE 0.284126, Repeat
2017-11-30 21:44:50,266 Patch 21 of 96 DE 0.780612, W.DE 0.780612, peqDE 0.474758, Repeat (got worse)
2017-11-30 21:44:50,631 Patch 21 of 96 DE 0.482247, W.DE 0.482247, peqDE 0.708889, Repeat
2017-11-30 21:44:50,999 Patch 21 of 96 DE 0.228981, W.DE 0.228981, W.peqDE 0.474758, Fail ( > 0.400000)
2017-11-30 21:44:51,453 Patch 22 of 96 DE 0.424938, W.DE 0.424938, peqDE 0.273204, Repeat
2017-11-30 21:44:53,484 Patch 22 of 96 DE 0.424938, W.DE 0.424938, peqDE 0.273204, Repeat
2017-11-30 21:44:54,023 Patch 22 of 96 DE 0.396376, W.DE 0.396376, peqDE 0.480077, Repeat (got worse)
2017-11-30 21:44:54,424 Patch 22 of 96 DE 0.316699, W.DE 0.316699, W.peqDE 0.178381, OK ( < 0.400000)
2017-11-30 21:44:54,907 Patch 23 of 96 DE 0.204468, W.DE 0.204468, peqDE 0.488856, Repeat
2017-11-30 21:44:56,894 Patch 23 of 96 DE 0.204468, W.DE 0.204468, peqDE 0.488856, Repeat
2017-11-30 21:44:57,440 Patch 23 of 96 DE 0.509508, W.DE 0.509508, peqDE 0.295379, Repeat (got worse)
2017-11-30 21:44:57,832 Patch 23 of 96 DE 0.713560, W.DE 0.713560, peqDE 0.785458, Repeat (got worse)
2017-11-30 21:44:58,220 Patch 23 of 96 DE 0.204468, W.DE 0.204468, peqDE 0.488856, Repeat
2017-11-30 21:44:58,599 Patch 23 of 96 DE 0.506639, W.DE 0.506639, peqDE 0.260723, Repeat
2017-11-30 21:44:58,989 Patch 23 of 96 DE 0.204468, W.DE 0.204468, peqDE 0.488856, Repeat
2017-11-30 21:44:59,348 Patch 23 of 96 DE 0.917201, W.DE 0.917201, peqDE 0.488856, Repeat (got worse)
2017-11-30 21:44:59,733 Patch 23 of 96 DE 0.713560, W.DE 0.713560, peqDE 0.785458, Repeat (got worse)
2017-11-30 21:45:00,109 Patch 23 of 96 DE 0.494701, W.DE 0.494701, peqDE 0.270309, Repeat
2017-11-30 21:45:00,486 Patch 23 of 96 DE 0.231986, W.DE 0.231986, peqDE 0.517703, Repeat
2017-11-30 21:45:00,846 Patch 23 of 96 DE 0.494701, W.DE 0.494701, peqDE 0.270309, Repeat
2017-11-30 21:45:01,234 Patch 23 of 96 DE 1.113094, W.DE 1.113094, peqDE 0.488856, Repeat (got worse)
2017-11-30 21:45:01,619 Patch 23 of 96 DE 0.204468, W.DE 0.204468, peqDE 0.488856, Repeat
2017-11-30 21:45:01,997 Patch 23 of 96 DE 0.845057, W.DE 0.845057, peqDE 0.488856, Repeat (got worse)
2017-11-30 21:45:02,364 Patch 23 of 96 DE 0.204468, W.DE 0.204468, W.peqDE 0.488856, Fail ( > 0.400000)
2017-11-30 21:45:02,805 Patch 24 of 96 DE 0.142998, W.DE 0.142998, W.peqDE 0.118534, OK ( < 0.400000)
2017-11-30 21:45:03,250 Patch 25 of 96 DE 0.589775, W.DE 0.589775, peqDE 0.634538, Repeat
2017-11-30 21:45:03,686 Patch 25 of 96 DE 0.250597, W.DE 0.250597, W.peqDE 0.298853, OK ( < 0.400000)
2017-11-30 21:45:04,138 Patch 26 of 96 DE 0.343523, W.DE 0.343523, W.peqDE 0.232346, OK ( < 0.400000)
2017-11-30 21:45:04,582 Patch 27 of 96 DE 0.409373, W.DE 0.409373, peqDE 0.094118, Repeat
2017-11-30 21:45:06,575 Patch 27 of 96 DE 0.409373, W.DE 0.409373, peqDE 0.094118, Repeat
2017-11-30 21:45:07,138 Patch 27 of 96 DE 0.418422, W.DE 0.418422, peqDE 0.738626, Repeat (got worse)
2017-11-30 21:45:07,512 Patch 27 of 96 DE 0.332746, W.DE 0.332746, peqDE 0.455758, Repeat (got worse)
2017-11-30 21:45:07,904 Patch 27 of 96 DE 0.523913, W.DE 0.523913, peqDE 0.653582, Repeat (got worse)
2017-11-30 21:45:08,272 Patch 27 of 96 DE 0.403068, W.DE 0.403068, peqDE 0.110676, Repeat
2017-11-30 21:45:08,658 Patch 27 of 96 DE 0.405480, W.DE 0.405480, peqDE 0.715672, Repeat
2017-11-30 21:45:09,036 Patch 27 of 96 DE 0.403068, W.DE 0.403068, peqDE 0.110676, Repeat
2017-11-30 21:45:09,424 Patch 27 of 96 DE 0.437043, W.DE 0.437043, peqDE 0.756311, Repeat
2017-11-30 21:45:09,819 Patch 27 of 96 DE 0.423069, W.DE 0.423069, peqDE 0.137119, Repeat
2017-11-30 21:45:10,219 Patch 27 of 96 DE 0.435406, W.DE 0.435406, peqDE 0.746501, Repeat
2017-11-30 21:45:10,605 Patch 27 of 96 DE 0.409373, W.DE 0.409373, peqDE 0.094118, Repeat (got worse)
2017-11-30 21:45:10,964 Patch 27 of 96 DE 0.435406, W.DE 0.435406, peqDE 0.746501, Repeat
2017-11-30 21:45:11,331 Patch 27 of 96 DE 0.422378, W.DE 0.422378, peqDE 0.163472, Repeat
2017-11-30 21:45:11,697 Patch 27 of 96 DE 0.435406, W.DE 0.435406, peqDE 0.746501, Repeat
2017-11-30 21:45:12,082 Patch 27 of 96 DE 0.403068, W.DE 0.403068, W.peqDE 0.110676, Fail ( > 0.400000)
2017-11-30 21:45:12,522 Patch 28 of 96 DE 0.184275, W.DE 0.184275, W.peqDE 0.380710, OK ( < 0.400000)
2017-11-30 21:45:12,967 Patch 29 of 96 DE 0.756369, W.DE 0.756369, peqDE 0.871838, Repeat
2017-11-30 21:45:14,994 Patch 29 of 96 DE 0.670605, W.DE 0.670605, peqDE 0.522673, Repeat
2017-11-30 21:45:15,542 Patch 29 of 96 DE 0.459437, W.DE 0.459437, peqDE 0.635649, Repeat
2017-11-30 21:45:15,946 Patch 29 of 96 DE 0.623649, W.DE 0.623649, peqDE 0.479245, Repeat
2017-11-30 21:45:16,354 Patch 29 of 96 DE 0.464910, W.DE 0.464910, peqDE 0.320954, Repeat
2017-11-30 21:45:16,763 Patch 29 of 96 DE 1.027858, W.DE 1.027858, peqDE 1.206476, Repeat (got worse)
2017-11-30 21:45:17,194 Patch 29 of 96 DE 0.428147, W.DE 0.428147, peqDE 0.295677, Repeat
2017-11-30 21:45:17,588 Patch 29 of 96 DE 0.480108, W.DE 0.480108, peqDE 0.582789, Repeat (got worse)
2017-11-30 21:45:17,983 Patch 29 of 96 DE 0.464910, W.DE 0.464910, peqDE 0.320954, Repeat (got worse)
2017-11-30 21:45:18,352 Patch 29 of 96 DE 0.854442, W.DE 0.854442, peqDE 0.971321, Repeat (got worse)
2017-11-30 21:45:18,769 Patch 29 of 96 DE 0.554143, W.DE 0.554143, peqDE 0.647970, Repeat (got worse)
2017-11-30 21:45:19,154 Patch 29 of 96 DE 0.670605, W.DE 0.670605, peqDE 0.522673, Repeat (got worse)
2017-11-30 21:45:19,516 Patch 29 of 96 DE 0.464910, W.DE 0.464910, peqDE 0.320954, Repeat (got worse)
2017-11-30 21:45:19,901 Patch 29 of 96 DE 0.459777, W.DE 0.459777, peqDE 0.300399, Repeat (got worse)
2017-11-30 21:45:20,285 Patch 29 of 96 DE 0.523670, W.DE 0.523670, peqDE 0.612624, Repeat (got worse)
2017-11-30 21:45:20,648 Patch 29 of 96 DE 0.428147, W.DE 0.428147, W.peqDE 0.295677, Fail ( > 0.400000)
2017-11-30 21:45:21,086 Patch 30 of 96 DE 0.470253, W.DE 0.470253, peqDE 0.794742, Repeat
2017-11-30 21:45:23,078 Patch 30 of 96 DE 0.411110, W.DE 0.411110, peqDE 0.233622, Repeat
2017-11-30 21:45:23,625 Patch 30 of 96 DE 0.534145, W.DE 0.534145, peqDE 0.525187, Repeat
2017-11-30 21:45:24,036 Patch 30 of 96 DE 0.504661, W.DE 0.504661, peqDE 0.808760, Repeat
2017-11-30 21:45:24,467 Patch 30 of 96 DE 0.534145, W.DE 0.534145, peqDE 0.525187, Repeat
2017-11-30 21:45:24,877 Patch 30 of 96 DE 0.470253, W.DE 0.470253, peqDE 0.794742, Repeat
2017-11-30 21:45:25,313 Patch 30 of 96 DE 0.464323, W.DE 0.464323, peqDE 0.800706, Repeat (got worse)
2017-11-30 21:45:25,709 Patch 30 of 96 DE 0.536301, W.DE 0.536301, peqDE 0.563318, Repeat
2017-11-30 21:45:26,096 Patch 30 of 96 DE 0.470253, W.DE 0.470253, peqDE 0.794742, Repeat
2017-11-30 21:45:26,520 Patch 30 of 96 DE 0.436064, W.DE 0.436064, peqDE 0.206953, Repeat
2017-11-30 21:45:26,921 Patch 30 of 96 DE 0.536301, W.DE 0.536301, peqDE 0.563318, Repeat
2017-11-30 21:45:27,313 Patch 30 of 96 DE 0.470253, W.DE 0.470253, peqDE 0.794742, Repeat
2017-11-30 21:45:27,739 Patch 30 of 96 DE 0.436064, W.DE 0.436064, peqDE 0.206953, Repeat
2017-11-30 21:45:28,135 Patch 30 of 96 DE 0.534145, W.DE 0.534145, peqDE 0.525187, Repeat
2017-11-30 21:45:28,516 Patch 30 of 96 DE 1.038247, W.DE 1.038247, peqDE 1.410499, Repeat (got worse)
2017-11-30 21:45:28,927 Patch 30 of 96 DE 0.411110, W.DE 0.411110, W.peqDE 0.233622, Fail ( > 0.400000)
2017-11-30 21:45:29,372 Patch 31 of 96 DE 0.464396, W.DE 0.464396, peqDE 0.467844, Repeat
2017-11-30 21:45:31,378 Patch 31 of 96 DE 0.464396, W.DE 0.464396, peqDE 0.467844, Repeat
2017-11-30 21:45:31,944 Patch 31 of 96 DE 0.624912, W.DE 0.624912, peqDE 0.503288, Repeat (got worse)
2017-11-30 21:45:32,344 Patch 31 of 96 DE 0.272581, W.DE 0.272581, peqDE 0.579722, Repeat
2017-11-30 21:45:32,750 Patch 31 of 96 DE 0.384972, W.DE 0.384972, W.peqDE 0.384103, OK ( < 0.400000)
2017-11-30 21:45:33,184 Patch 32 of 96 DE 0.273134, W.DE 0.273134, peqDE 0.410311, Repeat
2017-11-30 21:45:35,183 Patch 32 of 96 DE 0.273134, W.DE 0.273134, peqDE 0.410311, Repeat
2017-11-30 21:45:35,729 Patch 32 of 96 DE 0.639417, W.DE 0.639417, peqDE 0.284173, Repeat (got worse)
2017-11-30 21:45:36,118 Patch 32 of 96 DE 0.273134, W.DE 0.273134, peqDE 0.410311, Repeat
2017-11-30 21:45:36,506 Patch 32 of 96 DE 0.815203, W.DE 0.815203, peqDE 1.162457, Repeat (got worse)
2017-11-30 21:45:36,920 Patch 32 of 96 DE 0.273134, W.DE 0.273134, peqDE 0.410311, Repeat
2017-11-30 21:45:37,292 Patch 32 of 96 DE 0.702823, W.DE 0.702823, peqDE 0.495461, Repeat (got worse)
2017-11-30 21:45:37,703 Patch 32 of 96 DE 0.237711, W.DE 0.237711, W.peqDE 0.350544, OK ( < 0.400000)
2017-11-30 21:45:38,141 Patch 33 of 96 DE 0.093417, W.DE 0.093417, W.peqDE 0.147845, OK ( < 0.400000)
2017-11-30 21:45:38,585 Patch 34 of 96 DE 0.145795, W.DE 0.145795, W.peqDE 0.130295, OK ( < 0.400000)
2017-11-30 21:45:39,036 Patch 35 of 96 DE 0.507006, W.DE 0.507006, peqDE 0.595078, Repeat
2017-11-30 21:45:41,062 Patch 35 of 96 DE 0.507006, W.DE 0.507006, peqDE 0.595078, Repeat
2017-11-30 21:45:41,526 Patch 35 of 96 DE 0.946587, W.DE 0.946587, peqDE 0.866383, Repeat (got worse)
2017-11-30 21:45:41,946 Patch 35 of 96 DE 0.507006, W.DE 0.507006, peqDE 0.595078, Repeat
2017-11-30 21:45:42,329 Patch 35 of 96 DE 0.351709, W.DE 0.351709, W.peqDE 0.305277, OK ( < 0.400000)
2017-11-30 21:45:42,786 Patch 36 of 96 DE 0.259873, W.DE 0.259873, peqDE 0.469425, Repeat
2017-11-30 21:45:44,845 Patch 36 of 96 DE 0.259873, W.DE 0.259873, peqDE 0.469425, Repeat
2017-11-30 21:45:45,309 Patch 36 of 96 DE 0.336689, W.DE 0.336689, W.peqDE 0.199396, OK ( < 0.400000)
2017-11-30 21:45:45,750 Patch 37 of 96 DE 0.585885, W.DE 0.585885, peqDE 0.666135, Repeat
2017-11-30 21:45:47,832 Patch 37 of 96 DE 0.585885, W.DE 0.585885, peqDE 0.666135, Repeat
2017-11-30 21:45:48,292 Patch 37 of 96 DE 1.024510, W.DE 1.024510, peqDE 0.991960, Repeat (got worse)
2017-11-30 21:45:48,710 Patch 37 of 96 DE 0.441370, W.DE 0.441370, peqDE 0.546504, Repeat
2017-11-30 21:45:49,118 Patch 37 of 96 DE 0.557422, W.DE 0.557422, peqDE 0.681955, Repeat (got worse)
2017-11-30 21:45:49,519 Patch 37 of 96 DE 0.441370, W.DE 0.441370, peqDE 0.546504, Repeat
2017-11-30 21:45:49,924 Patch 37 of 96 DE 0.493245, W.DE 0.493245, peqDE 0.604993, Repeat (got worse)
2017-11-30 21:45:50,313 Patch 37 of 96 DE 0.538717, W.DE 0.538717, peqDE 0.649888, Repeat (got worse)
2017-11-30 21:45:50,690 Patch 37 of 96 DE 0.427262, W.DE 0.427262, peqDE 0.557574, Repeat
2017-11-30 21:45:51,075 Patch 37 of 96 DE 0.441370, W.DE 0.441370, peqDE 0.546504, Repeat
2017-11-30 21:45:51,473 Patch 37 of 96 DE 0.493934, W.DE 0.493934, peqDE 0.635559, Repeat
2017-11-30 21:45:51,857 Patch 37 of 96 DE 0.512252, W.DE 0.512252, peqDE 0.609786, Repeat
2017-11-30 21:45:52,247 Patch 37 of 96 DE 0.493934, W.DE 0.493934, peqDE 0.635559, Repeat
2017-11-30 21:45:52,642 Patch 37 of 96 DE 0.361194, W.DE 0.361194, W.peqDE 0.213918, OK ( < 0.400000)
2017-11-30 21:45:53,088 Patch 38 of 96 DE 0.439714, W.DE 0.439714, peqDE 0.728572, Repeat
2017-11-30 21:45:55,178 Patch 38 of 96 DE 0.429789, W.DE 0.429789, peqDE 0.408125, Repeat
2017-11-30 21:45:55,657 Patch 38 of 96 DE 0.562874, W.DE 0.562874, peqDE 0.269594, Repeat (got worse)
2017-11-30 21:45:56,063 Patch 38 of 96 DE 0.492321, W.DE 0.492321, peqDE 0.586536, Repeat
2017-11-30 21:45:56,457 Patch 38 of 96 DE 0.447039, W.DE 0.447039, peqDE 0.739909, Repeat
2017-11-30 21:45:56,887 Patch 38 of 96 DE 0.502151, W.DE 0.502151, peqDE 0.460981, Repeat (got worse)
2017-11-30 21:45:57,273 Patch 38 of 96 DE 0.581296, W.DE 0.581296, peqDE 0.671097, Repeat
2017-11-30 21:45:57,661 Patch 38 of 96 DE 0.359291, W.DE 0.359291, peqDE 0.650656, Repeat
2017-11-30 21:45:58,052 Patch 38 of 96 DE 0.377852, W.DE 0.377852, W.peqDE 0.368185, OK ( < 0.400000)
2017-11-30 21:45:58,487 Patch 39 of 96 DE 0.235652, W.DE 0.235652, peqDE 0.489993, Repeat
2017-11-30 21:46:00,562 Patch 39 of 96 DE 0.246202, W.DE 0.246202, peqDE 0.418694, Repeat
2017-11-30 21:46:01,026 Patch 39 of 96 DE 0.608753, W.DE 0.608753, peqDE 0.663513, Repeat (got worse)
2017-11-30 21:46:01,436 Patch 39 of 96 DE 0.235652, W.DE 0.235652, peqDE 0.489993, Repeat
2017-11-30 21:46:01,802 Patch 39 of 96 DE 0.691105, W.DE 0.691105, peqDE 0.477428, Repeat (got worse)
2017-11-30 21:46:02,187 Patch 39 of 96 DE 0.510493, W.DE 0.510493, peqDE 0.726614, Repeat (got worse)
2017-11-30 21:46:02,555 Patch 39 of 96 DE 0.235652, W.DE 0.235652, peqDE 0.489993, Repeat
2017-11-30 21:46:02,938 Patch 39 of 96 DE 0.199128, W.DE 0.199128, peqDE 0.446961, Repeat
2017-11-30 21:46:03,303 Patch 39 of 96 DE 0.496066, W.DE 0.496066, peqDE 0.324014, Repeat (got worse)
2017-11-30 21:46:03,684 Patch 39 of 96 DE 0.199128, W.DE 0.199128, peqDE 0.446961, Repeat
2017-11-30 21:46:04,052 Patch 39 of 96 DE 0.218467, W.DE 0.218467, W.peqDE 0.371373, OK ( < 0.400000)
2017-11-30 21:46:04,526 Patch 40 of 96 DE 0.440645, W.DE 0.440645, peqDE 0.265620, Repeat
2017-11-30 21:46:06,599 Patch 40 of 96 DE 0.440645, W.DE 0.440645, peqDE 0.265620, Repeat
2017-11-30 21:46:07,062 Patch 40 of 96 DE 0.573655, W.DE 0.573655, peqDE 0.594044, Repeat (got worse)
2017-11-30 21:46:07,476 Patch 40 of 96 DE 0.570260, W.DE 0.570260, peqDE 0.711312, Repeat
2017-11-30 21:46:07,888 Patch 40 of 96 DE 0.440645, W.DE 0.440645, peqDE 0.265620, Repeat
2017-11-30 21:46:08,282 Patch 40 of 96 DE 0.659760, W.DE 0.659760, peqDE 0.804257, Repeat (got worse)
2017-11-30 21:46:08,667 Patch 40 of 96 DE 0.431463, W.DE 0.431463, peqDE 0.244498, Repeat
2017-11-30 21:46:09,053 Patch 40 of 96 DE 0.721110, W.DE 0.721110, peqDE 0.904427, Repeat (got worse)
2017-11-30 21:46:09,444 Patch 40 of 96 DE 0.440645, W.DE 0.440645, peqDE 0.265620, Repeat (got worse)
2017-11-30 21:46:09,822 Patch 40 of 96 DE 0.378067, W.DE 0.378067, W.peqDE 0.224741, OK ( < 0.400000)
2017-11-30 21:46:10,292 Patch 41 of 96 DE 0.118653, W.DE 0.118653, W.peqDE 0.253914, OK ( < 0.400000)
2017-11-30 21:46:10,720 Patch 42 of 96 DE 0.893916, W.DE 0.893916, peqDE 0.817531, Repeat
2017-11-30 21:46:12,832 Patch 42 of 96 DE 0.893916, W.DE 0.893916, peqDE 0.817531, Repeat
2017-11-30 21:46:13,295 Patch 42 of 96 DE 0.825093, W.DE 0.825093, peqDE 0.844795, Repeat
2017-11-30 21:46:13,740 Patch 42 of 96 DE 0.712985, W.DE 0.712985, peqDE 0.814302, Repeat
2017-11-30 21:46:14,168 Patch 42 of 96 DE 0.247923, W.DE 0.247923, W.peqDE 0.227807, OK ( < 0.400000)
2017-11-30 21:46:14,608 Patch 43 of 96 DE 0.632518, W.DE 0.632518, peqDE 0.738405, Repeat
2017-11-30 21:46:15,063 Patch 43 of 96 DE 0.204734, W.DE 0.204734, W.peqDE 0.063482, OK ( < 0.400000)
2017-11-30 21:46:15,529 Patch 44 of 96 DE 0.649214, W.DE 0.649214, peqDE 0.772567, Repeat
2017-11-30 21:46:15,966 Patch 44 of 96 DE 0.143348, W.DE 0.143348, W.peqDE 0.116313, OK ( < 0.400000)
2017-11-30 21:46:16,410 Patch 45 of 96 DE 0.469935, W.DE 0.469935, peqDE 0.562735, Repeat
2017-11-30 21:46:18,530 Patch 45 of 96 DE 0.427361, W.DE 0.427361, peqDE 0.297877, Repeat
2017-11-30 21:46:18,993 Patch 45 of 96 DE 0.379343, W.DE 0.379343, W.peqDE 0.255633, OK ( < 0.400000)
2017-11-30 21:46:19,440 Patch 46 of 96 DE 0.377431, W.DE 0.377431, peqDE 0.668811, Repeat
2017-11-30 21:46:21,565 Patch 46 of 96 DE 0.374300, W.DE 0.374300, W.peqDE 0.189172, OK ( < 0.400000)
2017-11-30 21:46:22,035 Patch 47 of 96 DE 0.350552, W.DE 0.350552, peqDE 0.523309, Repeat
2017-11-30 21:46:22,476 Patch 47 of 96 DE 0.269303, W.DE 0.269303, peqDE 0.618361, Repeat
2017-11-30 21:46:24,549 Patch 47 of 96 DE 0.269303, W.DE 0.269303, peqDE 0.618361, Repeat
2017-11-30 21:46:25,025 Patch 47 of 96 DE 0.862748, W.DE 0.862748, peqDE 0.733845, Repeat
2017-11-30 21:46:25,426 Patch 47 of 96 DE 0.311099, W.DE 0.311099, peqDE 0.628961, Repeat (got worse)
2017-11-30 21:46:25,822 Patch 47 of 96 DE 0.684495, W.DE 0.684495, peqDE 0.752480, Repeat
2017-11-30 21:46:26,244 Patch 47 of 96 DE 0.639674, W.DE 0.639674, peqDE 0.307041, Repeat
2017-11-30 21:46:26,651 Patch 47 of 96 DE 0.647147, W.DE 0.647147, peqDE 0.915348, Repeat
2017-11-30 21:46:27,051 Patch 47 of 96 DE 0.880050, W.DE 0.880050, peqDE 0.956876, Repeat
2017-11-30 21:46:27,483 Patch 47 of 96 DE 0.633034, W.DE 0.633034, peqDE 0.842176, Repeat
2017-11-30 21:46:27,904 Patch 47 of 96 DE 0.269303, W.DE 0.269303, peqDE 0.618361, Repeat
2017-11-30 21:46:28,285 Patch 47 of 96 DE 0.639674, W.DE 0.639674, peqDE 0.307041, Repeat
2017-11-30 21:46:28,686 Patch 47 of 96 DE 1.143708, W.DE 1.143708, peqDE 1.405146, Repeat
2017-11-30 21:46:29,117 Patch 47 of 96 DE 0.966973, W.DE 0.966973, peqDE 0.860348, Repeat (got worse)
2017-11-30 21:46:29,532 Patch 47 of 96 DE 0.311099, W.DE 0.311099, peqDE 0.628961, Repeat (got worse)
2017-11-30 21:46:29,907 Patch 47 of 96 DE 0.269303, W.DE 0.269303, W.peqDE 0.618361, Fail ( > 0.400000)
2017-11-30 21:46:30,599 Patch 48 of 96 DE 0.379803, W.DE 0.379803, peqDE 0.446117, Repeat
2017-11-30 21:46:31,030 Patch 48 of 96 DE 0.139038, W.DE 0.139038, W.peqDE 0.199407, OK ( < 0.400000)
2017-11-30 21:46:31,687 Patch 49 of 96 DE 0.454008, W.DE 0.454008, peqDE 0.491874, Repeat
2017-11-30 21:46:32,332 Patch 49 of 96 DE 0.150542, W.DE 0.150542, W.peqDE 0.203957, OK ( < 0.400000)
2017-11-30 21:46:32,994 Patch 50 of 96 DE 0.627941, W.DE 0.627941, peqDE 0.733183, Repeat
2017-11-30 21:46:33,671 Patch 50 of 96 DE 0.252535, W.DE 0.252535, W.peqDE 0.311917, OK ( < 0.400000)
2017-11-30 21:46:34,336 Patch 51 of 96 DE 0.519667, W.DE 0.519667, peqDE 0.744374, Repeat
2017-11-30 21:46:34,983 Patch 51 of 96 DE 0.232274, W.DE 0.232274, W.peqDE 0.231786, OK ( < 0.400000)
2017-11-30 21:46:35,677 Patch 52 of 96 DE 0.755053, W.DE 0.755053, peqDE 0.738856, Repeat
2017-11-30 21:46:36,374 Patch 52 of 96 DE 0.326680, W.DE 0.326680, peqDE 0.513800, Repeat
2017-11-30 21:46:39,137 Patch 52 of 96 DE 0.326021, W.DE 0.326021, peqDE 0.513128, Repeat
2017-11-30 21:46:39,842 Patch 52 of 96 DE 0.477590, W.DE 0.477590, peqDE 0.244946, Repeat (got worse)
2017-11-30 21:46:40,482 Patch 52 of 96 DE 0.321286, W.DE 0.321286, peqDE 0.508287, Repeat
2017-11-30 21:46:41,092 Patch 52 of 96 DE 0.345678, W.DE 0.345678, peqDE 0.533185, Repeat (got worse)
2017-11-30 21:46:41,684 Patch 52 of 96 DE 0.338808, W.DE 0.338808, peqDE 0.526181, Repeat (got worse)
2017-11-30 21:46:42,289 Patch 52 of 96 DE 1.149680, W.DE 1.149680, peqDE 0.508287, Repeat (got worse)
2017-11-30 21:46:42,913 Patch 52 of 96 DE 0.345943, W.DE 0.345943, peqDE 0.533455, Repeat (got worse)
2017-11-30 21:46:43,519 Patch 52 of 96 DE 0.246538, W.DE 0.246538, peqDE 0.475887, Repeat
2017-11-30 21:46:44,118 Patch 52 of 96 DE 0.420667, W.DE 0.420667, peqDE 0.593260, Repeat (got worse)
2017-11-30 21:46:44,736 Patch 52 of 96 DE 0.445347, W.DE 0.445347, peqDE 0.619188, Repeat (got worse)
2017-11-30 21:46:45,336 Patch 52 of 96 DE 0.726480, W.DE 0.726480, peqDE 0.734845, Repeat (got worse)
2017-11-30 21:46:45,938 Patch 52 of 96 DE 0.435091, W.DE 0.435091, peqDE 0.608434, Repeat (got worse)
2017-11-30 21:46:46,536 Patch 52 of 96 DE 0.442651, W.DE 0.442651, peqDE 0.616364, Repeat (got worse)
2017-11-30 21:46:47,141 Patch 52 of 96 DE 0.246538, W.DE 0.246538, W.peqDE 0.475887, Fail ( > 0.400000)
2017-11-30 21:46:47,842 Patch 53 of 96 DE 0.471949, W.DE 0.471949, peqDE 0.682030, Repeat
2017-11-30 21:46:48,525 Patch 53 of 96 DE 0.296736, W.DE 0.296736, W.peqDE 0.216524, OK ( < 0.400000)
2017-11-30 21:46:49,219 Patch 54 of 96 DE 0.327549, W.DE 0.327549, W.peqDE 0.277102, OK ( < 0.400000)
2017-11-30 21:46:49,924 Patch 55 of 96 DE 0.483572, W.DE 0.483572, peqDE 0.411258, Repeat
2017-11-30 21:46:53,025 Patch 55 of 96 DE 0.407653, W.DE 0.407653, peqDE 0.510637, Repeat
2017-11-30 21:46:53,766 Patch 55 of 96 DE 0.177078, W.DE 0.177078, W.peqDE 0.076740, OK ( < 0.400000)
2017-11-30 21:46:54,493 Patch 56 of 96 DE 0.364913, W.DE 0.364913, peqDE 0.505281, Repeat
2017-11-30 21:46:55,173 Patch 56 of 96 DE 0.264268, W.DE 0.264268, W.peqDE 0.242894, OK ( < 0.400000)
2017-11-30 21:46:55,900 Patch 57 of 96 DE 0.348956, W.DE 0.348956, W.peqDE 0.300336, OK ( < 0.400000)
2017-11-30 21:46:56,641 Patch 58 of 96 DE 0.780180, W.DE 0.780180, peqDE 0.979360, Repeat
2017-11-30 21:46:57,381 Patch 58 of 96 DE 0.506890, W.DE 0.506890, peqDE 0.462401, Repeat
2017-11-30 21:46:58,065 Patch 58 of 96 DE 0.380004, W.DE 0.380004, W.peqDE 0.192872, OK ( < 0.400000)
2017-11-30 21:46:58,819 Patch 59 of 96 DE 0.395761, W.DE 0.395761, peqDE 0.535270, Repeat
2017-11-30 21:47:02,078 Patch 59 of 96 DE 0.395761, W.DE 0.395761, peqDE 0.535270, Repeat
2017-11-30 21:47:02,881 Patch 59 of 96 DE 0.482572, W.DE 0.482572, peqDE 0.823355, Repeat (got worse)
2017-11-30 21:47:03,615 Patch 59 of 96 DE 0.633668, W.DE 0.633668, peqDE 0.267088, Repeat (got worse)
2017-11-30 21:47:04,342 Patch 59 of 96 DE 0.369905, W.DE 0.369905, peqDE 0.533253, Repeat
2017-11-30 21:47:05,052 Patch 59 of 96 DE 0.482605, W.DE 0.482605, peqDE 0.822933, Repeat (got worse)
2017-11-30 21:47:05,773 Patch 59 of 96 DE 0.392256, W.DE 0.392256, peqDE 0.540896, Repeat
2017-11-30 21:47:06,454 Patch 59 of 96 DE 0.408237, W.DE 0.408237, peqDE 0.547713, Repeat
2017-11-30 21:47:07,134 Patch 59 of 96 DE 0.484572, W.DE 0.484572, peqDE 0.824134, Repeat (got worse)
2017-11-30 21:47:07,834 Patch 59 of 96 DE 0.634787, W.DE 0.634787, peqDE 0.269352, Repeat (got worse)
2017-11-30 21:47:08,529 Patch 59 of 96 DE 0.348268, W.DE 0.348268, peqDE 0.528726, Repeat
2017-11-30 21:47:09,220 Patch 59 of 96 DE 0.357242, W.DE 0.357242, peqDE 0.530823, Repeat
2017-11-30 21:47:09,903 Patch 59 of 96 DE 1.156865, W.DE 1.156865, peqDE 0.528726, Repeat (got worse)
2017-11-30 21:47:10,608 Patch 59 of 96 DE 0.393927, W.DE 0.393927, peqDE 0.543522, Repeat
2017-11-30 21:47:11,302 Patch 59 of 96 DE 1.195167, W.DE 1.195167, peqDE 0.528726, Repeat (got worse)
2017-11-30 21:47:12,006 Patch 59 of 96 DE 0.348268, W.DE 0.348268, W.peqDE 0.528726, Fail ( > 0.400000)
2017-11-30 21:47:12,798 Patch 60 of 96 DE 0.287279, W.DE 0.287279, W.peqDE 0.305284, OK ( < 0.400000)
2017-11-30 21:47:13,585 Patch 61 of 96 DE 0.161045, W.DE 0.161045, W.peqDE 0.120592, OK ( < 0.400000)
2017-11-30 21:47:14,382 Patch 62 of 96 DE 0.509044, W.DE 0.509044, peqDE 0.650486, Repeat
2017-11-30 21:47:15,158 Patch 62 of 96 DE 0.270962, W.DE 0.270962, W.peqDE 0.167454, OK ( < 0.400000)
2017-11-30 21:47:15,976 Patch 63 of 96 DE 0.773769, W.DE 0.773769, peqDE 0.743992, Repeat
2017-11-30 21:47:19,542 Patch 63 of 96 DE 0.773769, W.DE 0.773769, peqDE 0.743992, Repeat
2017-11-30 21:47:20,388 Patch 63 of 96 DE 0.954117, W.DE 0.954117, peqDE 1.080130, Repeat (got worse)
2017-11-30 21:47:21,177 Patch 63 of 96 DE 0.483109, W.DE 0.483109, peqDE 0.719792, Repeat
2017-11-30 21:47:21,948 Patch 63 of 96 DE 0.355955, W.DE 0.355955, W.peqDE 0.235169, OK ( < 0.400000)
2017-11-30 21:47:22,793 Patch 64 of 96 DE 0.237085, W.DE 0.237085, W.peqDE 0.135436, OK ( < 0.400000)
2017-11-30 21:47:23,671 Patch 65 of 96 DE 0.362976, W.DE 0.362976, W.peqDE 0.216187, OK ( < 0.400000)
2017-11-30 21:47:24,558 Patch 66 of 96 DE 0.500513, W.DE 0.500513, peqDE 0.208020, Repeat
2017-11-30 21:47:28,311 Patch 66 of 96 DE 0.500513, W.DE 0.500513, peqDE 0.208020, Repeat
2017-11-30 21:47:29,237 Patch 66 of 96 DE 0.489170, W.DE 0.489170, peqDE 0.777138, Repeat (got worse)
2017-11-30 21:47:30,128 Patch 66 of 96 DE 0.503373, W.DE 0.503373, peqDE 0.211372, Repeat (got worse)
2017-11-30 21:47:30,944 Patch 66 of 96 DE 0.786292, W.DE 0.786292, peqDE 1.090743, Repeat (got worse)
2017-11-30 21:47:31,773 Patch 66 of 96 DE 0.502348, W.DE 0.502348, peqDE 0.208057, Repeat (got worse)
2017-11-30 21:47:32,608 Patch 66 of 96 DE 0.485647, W.DE 0.485647, peqDE 0.774365, Repeat (got worse)
2017-11-30 21:47:33,460 Patch 66 of 96 DE 0.507005, W.DE 0.507005, peqDE 0.215083, Repeat (got worse)
2017-11-30 21:47:34,278 Patch 66 of 96 DE 0.510295, W.DE 0.510295, peqDE 0.222818, Repeat (got worse)
2017-11-30 21:47:35,108 Patch 66 of 96 DE 0.491325, W.DE 0.491325, peqDE 0.780352, Repeat (got worse)
2017-11-30 21:47:35,915 Patch 66 of 96 DE 0.457194, W.DE 0.457194, peqDE 0.758430, Repeat (got worse)
2017-11-30 21:47:36,760 Patch 66 of 96 DE 0.871673, W.DE 0.871673, peqDE 0.869981, Repeat
2017-11-30 21:47:37,575 Patch 66 of 96 DE 0.964990, W.DE 0.964990, peqDE 1.037603, Repeat
2017-11-30 21:47:38,391 Patch 66 of 96 DE 0.871285, W.DE 0.871285, peqDE 0.868778, Repeat
2017-11-30 21:47:39,197 Patch 66 of 96 DE 0.451391, W.DE 0.451391, peqDE 0.755221, Repeat (got worse)
2017-11-30 21:47:40,023 Patch 66 of 96 DE 0.500513, W.DE 0.500513, W.peqDE 0.208020, Fail ( > 0.400000)
2017-11-30 21:47:40,934 Patch 67 of 96 DE 0.888938, W.DE 0.888938, peqDE 1.051163, Repeat
2017-11-30 21:47:44,832 Patch 67 of 96 DE 0.888938, W.DE 0.888938, peqDE 1.051163, Repeat
2017-11-30 21:47:45,786 Patch 67 of 96 DE 0.956047, W.DE 0.956047, peqDE 0.867025, Repeat
2017-11-30 21:47:46,661 Patch 67 of 96 DE 0.624551, W.DE 0.624551, peqDE 0.275077, Repeat
2017-11-30 21:47:47,512 Patch 67 of 96 DE 1.224048, W.DE 1.224048, peqDE 1.679720, Repeat (got worse)
2017-11-30 21:47:48,404 Patch 67 of 96 DE 0.956979, W.DE 0.956979, peqDE 0.868271, Repeat
2017-11-30 21:47:49,276 Patch 67 of 96 DE 0.887772, W.DE 0.887772, peqDE 1.048840, Repeat
2017-11-30 21:47:50,186 Patch 67 of 96 DE 1.004276, W.DE 1.004276, peqDE 0.886624, Repeat
2017-11-30 21:47:51,048 Patch 67 of 96 DE 1.467039, W.DE 1.467039, peqDE 1.818468, Repeat (got worse)
2017-11-30 21:47:51,941 Patch 67 of 96 DE 0.956209, W.DE 0.956209, peqDE 0.866591, Repeat
2017-11-30 21:47:52,822 Patch 67 of 96 DE 0.882557, W.DE 0.882557, peqDE 1.046057, Repeat
2017-11-30 21:47:53,707 Patch 67 of 96 DE 0.958748, W.DE 0.958748, peqDE 0.870655, Repeat
2017-11-30 21:47:54,578 Patch 67 of 96 DE 0.896931, W.DE 0.896931, peqDE 1.058422, Repeat
2017-11-30 21:47:55,446 Patch 67 of 96 DE 0.793577, W.DE 0.793577, peqDE 1.143427, Repeat (got worse)
2017-11-30 21:47:56,338 Patch 67 of 96 DE 0.885856, W.DE 0.885856, peqDE 1.047845, Repeat
2017-11-30 21:47:57,217 Patch 67 of 96 DE 0.624551, W.DE 0.624551, W.peqDE 0.275077, Fail ( > 0.400000)
2017-11-30 21:47:58,180 Patch 68 of 96 DE 0.878093, W.DE 0.878093, peqDE 1.180425, Repeat
2017-11-30 21:48:02,164 Patch 68 of 96 DE 0.878093, W.DE 0.878093, peqDE 1.180425, Repeat
2017-11-30 21:48:03,158 Patch 68 of 96 DE 0.976434, W.DE 0.976434, peqDE 0.778396, Repeat
2017-11-30 21:48:04,061 Patch 68 of 96 DE 0.349922, W.DE 0.349922, peqDE 0.873604, Repeat
2017-11-30 21:48:04,964 Patch 68 of 96 DE 0.378650, W.DE 0.378650, peqDE 0.877738, Repeat (got worse)
2017-11-30 21:48:05,885 Patch 68 of 96 DE 0.359924, W.DE 0.359924, peqDE 0.880354, Repeat (got worse)
2017-11-30 21:48:06,802 Patch 68 of 96 DE 0.656804, W.DE 0.656804, peqDE 0.266896, Repeat (got worse)
2017-11-30 21:48:07,697 Patch 68 of 96 DE 0.356047, W.DE 0.356047, peqDE 0.877377, Repeat (got worse)
2017-11-30 21:48:08,575 Patch 68 of 96 DE 0.655209, W.DE 0.655209, peqDE 0.269017, Repeat (got worse)
2017-11-30 21:48:09,469 Patch 68 of 96 DE 0.356266, W.DE 0.356266, peqDE 0.878115, Repeat (got worse)
2017-11-30 21:48:10,344 Patch 68 of 96 DE 0.985610, W.DE 0.985610, peqDE 0.784147, Repeat
2017-11-30 21:48:11,217 Patch 68 of 96 DE 0.872909, W.DE 0.872909, peqDE 1.174273, Repeat
2017-11-30 21:48:12,115 Patch 68 of 96 DE 0.986977, W.DE 0.986977, peqDE 0.783946, Repeat
2017-11-30 21:48:12,983 Patch 68 of 96 DE 0.350307, W.DE 0.350307, peqDE 0.876273, Repeat
2017-11-30 21:48:13,868 Patch 68 of 96 DE 0.878007, W.DE 0.878007, peqDE 1.180082, Repeat
2017-11-30 21:48:14,730 Patch 68 of 96 DE 0.349922, W.DE 0.349922, W.peqDE 0.873604, Fail ( > 0.400000)
2017-11-30 21:48:15,727 Patch 69 of 96 DE 0.867758, W.DE 0.867758, peqDE 0.838613, Repeat
2017-11-30 21:48:19,832 Patch 69 of 96 DE 0.867758, W.DE 0.867758, peqDE 0.838613, Repeat
2017-11-30 21:48:20,842 Patch 69 of 96 DE 1.135388, W.DE 1.135388, peqDE 1.336702, Repeat
2017-11-30 21:48:21,785 Patch 69 of 96 DE 1.012468, W.DE 1.012468, peqDE 0.780033, Repeat (got worse)
2017-11-30 21:48:22,726 Patch 69 of 96 DE 0.874527, W.DE 0.874527, peqDE 0.844627, Repeat (got worse)
2017-11-30 21:48:23,648 Patch 69 of 96 DE 1.137730, W.DE 1.137730, peqDE 1.338813, Repeat
2017-11-30 21:48:24,599 Patch 69 of 96 DE 0.234856, W.DE 0.234856, W.peqDE 0.290078, OK ( < 0.400000)
2017-11-30 21:48:25,608 Patch 70 of 96 DE 0.649849, W.DE 0.649849, peqDE 0.696160, Repeat
2017-11-30 21:48:29,813 Patch 70 of 96 DE 0.649849, W.DE 0.649849, peqDE 0.696160, Repeat
2017-11-30 21:48:30,835 Patch 70 of 96 DE 0.954043, W.DE 0.954043, peqDE 0.907162, Repeat (got worse)
2017-11-30 21:48:31,822 Patch 70 of 96 DE 0.652266, W.DE 0.652266, peqDE 0.698238, Repeat
2017-11-30 21:48:32,799 Patch 70 of 96 DE 0.286665, W.DE 0.286665, W.peqDE 0.270695, OK ( < 0.400000)
2017-11-30 21:48:33,868 Patch 71 of 96 DE 0.659682, W.DE 0.659682, peqDE 0.765983, Repeat
2017-11-30 21:48:38,111 Patch 71 of 96 DE 0.659682, W.DE 0.659682, peqDE 0.765983, Repeat
2017-11-30 21:48:39,187 Patch 71 of 96 DE 0.979538, W.DE 0.979538, peqDE 0.877518, Repeat
2017-11-30 21:48:40,233 Patch 71 of 96 DE 0.661739, W.DE 0.661739, peqDE 0.768265, Repeat
2017-11-30 21:48:41,226 Patch 71 of 96 DE 0.285905, W.DE 0.285905, W.peqDE 0.257597, OK ( < 0.400000)
2017-11-30 21:48:42,325 Patch 72 of 96 DE 1.036147, W.DE 1.036147, peqDE 1.111912, Repeat
2017-11-30 21:48:47,059 Patch 72 of 96 DE 0.869744, W.DE 0.869744, peqDE 0.852225, Repeat
2017-11-30 21:48:48,171 Patch 72 of 96 DE 0.958231, W.DE 0.958231, peqDE 0.835477, Repeat
2017-11-30 21:48:49,378 Patch 72 of 96 DE 0.859691, W.DE 0.859691, peqDE 0.843292, Repeat
2017-11-30 21:48:50,430 Patch 72 of 96 DE 1.022791, W.DE 1.022791, peqDE 1.098488, Repeat
2017-11-30 21:48:51,500 Patch 72 of 96 DE 0.292150, W.DE 0.292150, W.peqDE 0.216652, OK ( < 0.400000)
2017-11-30 21:48:52,739 Patch 73 of 96 DE 0.251554, W.DE 0.251554, W.peqDE 0.100438, OK ( < 0.400000)
2017-11-30 21:48:54,036 Patch 74 of 96 DE 0.363882, W.DE 0.363882, W.peqDE 0.144230, OK ( < 0.391225)
2017-11-30 21:48:55,387 Patch 75 of 96 DE 0.165564, W.DE 0.165564, W.peqDE 0.252463, OK ( < 0.346845)
2017-11-30 21:48:56,805 Patch 76 of 96 DE 0.413970, W.DE 0.413970, peqDE 0.545126, Repeat
2017-11-30 21:49:02,421 Patch 76 of 96 DE 0.413970, W.DE 0.413970, peqDE 0.545126, Repeat
2017-11-30 21:49:03,882 Patch 76 of 96 DE 0.504515, W.DE 0.504515, peqDE 0.535836, Repeat (got worse)
2017-11-30 21:49:05,213 Patch 76 of 96 DE 0.661607, W.DE 0.661607, peqDE 0.555158, Repeat
2017-11-30 21:49:06,559 Patch 76 of 96 DE 0.584758, W.DE 0.584758, peqDE 0.734372, Repeat
2017-11-30 21:49:07,940 Patch 76 of 96 DE 0.272574, W.DE 0.272574, W.peqDE 0.174171, OK ( < 0.305655)
2017-11-30 21:49:09,414 Patch 77 of 96 DE 0.536291, W.DE 0.536291, peqDE 0.719482, Repeat
2017-11-30 21:49:15,137 Patch 77 of 96 DE 0.536291, W.DE 0.536291, peqDE 0.719482, Repeat
2017-11-30 21:49:16,664 Patch 77 of 96 DE 0.624084, W.DE 0.624084, peqDE 0.494695, Repeat (got worse)
2017-11-30 21:49:18,096 Patch 77 of 96 DE 0.292017, W.DE 0.292017, peqDE 0.121339, Repeat
2017-11-30 21:49:19,509 Patch 77 of 96 DE 0.532888, W.DE 0.532888, peqDE 0.716364, Repeat
2017-11-30 21:49:20,983 Patch 77 of 96 DE 0.624652, W.DE 0.624652, peqDE 0.495093, Repeat
2017-11-30 21:49:22,420 Patch 77 of 96 DE 0.534347, W.DE 0.534347, peqDE 0.717745, Repeat
2017-11-30 21:49:23,880 Patch 77 of 96 DE 0.292071, W.DE 0.292071, peqDE 0.119891, Repeat
2017-11-30 21:49:25,298 Patch 77 of 96 DE 0.623422, W.DE 0.623422, peqDE 0.494747, Repeat
2017-11-30 21:49:26,733 Patch 77 of 96 DE 0.536041, W.DE 0.536041, peqDE 0.719288, Repeat
2017-11-30 21:49:28,180 Patch 77 of 96 DE 0.300456, W.DE 0.300456, peqDE 0.122498, Repeat
2017-11-30 21:49:29,591 Patch 77 of 96 DE 0.328852, W.DE 0.328852, peqDE 0.534426, Repeat (got worse)
2017-11-30 21:49:31,038 Patch 77 of 96 DE 0.344701, W.DE 0.344701, peqDE 0.536364, Repeat (got worse)
2017-11-30 21:49:32,496 Patch 77 of 96 DE 0.295684, W.DE 0.295684, peqDE 0.122195, Repeat (got worse)
2017-11-30 21:49:33,903 Patch 77 of 96 DE 0.530172, W.DE 0.530172, peqDE 0.713264, Repeat
2017-11-30 21:49:35,338 Patch 77 of 96 DE 0.291311, W.DE 0.291311, W.peqDE 0.118470, Fail ( > 0.267573)
2017-11-30 21:49:36,914 Patch 78 of 96 DE 0.209397, W.DE 0.209397, W.peqDE 0.134546, OK ( < 0.232513)
2017-11-30 21:49:38,539 Patch 79 of 96 DE 0.171024, W.DE 0.171024, peqDE 0.358652, Repeat
2017-11-30 21:49:44,976 Patch 79 of 96 DE 0.169533, W.DE 0.169533, peqDE 0.356444, Repeat
2017-11-30 21:49:46,653 Patch 79 of 96 DE 0.286037, W.DE 0.286037, peqDE 0.158622, Repeat
2017-11-30 21:49:48,256 Patch 79 of 96 DE 0.170529, W.DE 0.170529, peqDE 0.357695, Repeat (got worse)
2017-11-30 21:49:49,875 Patch 79 of 96 DE 0.277892, W.DE 0.277892, peqDE 0.138327, Repeat
2017-11-30 21:49:51,489 Patch 79 of 96 DE 0.170246, W.DE 0.170246, peqDE 0.357393, Repeat
2017-11-30 21:49:53,086 Patch 79 of 96 DE 0.280598, W.DE 0.280598, peqDE 0.141444, Repeat
2017-11-30 21:49:54,655 Patch 79 of 96 DE 0.363277, W.DE 0.363277, peqDE 0.445157, Repeat
2017-11-30 21:49:56,265 Patch 79 of 96 DE 0.452010, W.DE 0.452010, peqDE 0.421810, Repeat
2017-11-30 21:49:57,844 Patch 79 of 96 DE 0.417120, W.DE 0.417120, peqDE 0.496474, Repeat
2017-11-30 21:49:59,437 Patch 79 of 96 DE 0.457691, W.DE 0.457691, peqDE 0.426151, Repeat
2017-11-30 21:50:00,970 Patch 79 of 96 DE 0.674800, W.DE 0.674800, peqDE 0.356444, Repeat (got worse)
2017-11-30 21:50:02,576 Patch 79 of 96 DE 0.279440, W.DE 0.279440, peqDE 0.140262, Repeat
2017-11-30 21:50:04,158 Patch 79 of 96 DE 0.169036, W.DE 0.169036, peqDE 0.356336, Repeat
2017-11-30 21:50:05,749 Patch 79 of 96 DE 0.269934, W.DE 0.269934, peqDE 0.128847, Repeat
2017-11-30 21:50:07,331 Patch 79 of 96 DE 0.169036, W.DE 0.169036, W.peqDE 0.356336, Fail ( > 0.200388)
2017-11-30 21:50:09,105 Patch 80 of 96 DE 0.386873, W.DE 0.386873, peqDE 0.471702, Repeat
2017-11-30 21:50:10,779 Patch 80 of 96 DE 0.123271, W.DE 0.123271, W.peqDE 0.103344, OK ( < 0.171107)
2017-11-30 21:50:12,546 Patch 81 of 96 DE 0.181943, W.DE 0.181943, peqDE 0.149286, Repeat
2017-11-30 21:50:19,517 Patch 81 of 96 DE 0.181943, W.DE 0.181943, peqDE 0.149286, Repeat
2017-11-30 21:50:21,332 Patch 81 of 96 DE 0.181016, W.DE 0.181016, peqDE 0.149093, Repeat
2017-11-30 21:50:23,085 Patch 81 of 96 DE 0.302070, W.DE 0.302070, peqDE 0.418718, Repeat
2017-11-30 21:50:24,766 Patch 81 of 96 DE 0.187781, W.DE 0.187781, peqDE 0.088798, Repeat
2017-11-30 21:50:26,463 Patch 81 of 96 DE 0.305729, W.DE 0.305729, peqDE 0.422403, Repeat
2017-11-30 21:50:28,171 Patch 81 of 96 DE 0.187527, W.DE 0.187527, peqDE 0.089200, Repeat
2017-11-30 21:50:29,867 Patch 81 of 96 DE 0.303732, W.DE 0.303732, peqDE 0.420390, Repeat
2017-11-30 21:50:31,542 Patch 81 of 96 DE 0.580195, W.DE 0.580195, peqDE 0.464046, Repeat
2017-11-30 21:50:33,315 Patch 81 of 96 DE 0.304644, W.DE 0.304644, peqDE 0.421328, Repeat
2017-11-30 21:50:35,002 Patch 81 of 96 DE 0.189594, W.DE 0.189594, peqDE 0.090029, Repeat
2017-11-30 21:50:36,700 Patch 81 of 96 DE 0.306009, W.DE 0.306009, peqDE 0.422683, Repeat
2017-11-30 21:50:38,408 Patch 81 of 96 DE 0.191368, W.DE 0.191368, peqDE 0.091309, Repeat
2017-11-30 21:50:40,098 Patch 81 of 96 DE 0.306167, W.DE 0.306167, peqDE 0.422847, Repeat
2017-11-30 21:50:41,776 Patch 81 of 96 DE 0.578524, W.DE 0.578524, peqDE 0.462391, Repeat
2017-11-30 21:50:43,555 Patch 81 of 96 DE 0.187527, W.DE 0.187527, W.peqDE 0.089200, Fail ( > 0.144579)
2017-11-30 21:50:45,479 Patch 82 of 96 DE 0.314024, W.DE 0.314024, peqDE 0.470641, Repeat
2017-11-30 21:50:47,295 Patch 82 of 96 DE 0.094430, W.DE 0.094430, W.peqDE 0.108113, OK ( < 0.120708)
2017-11-30 21:50:49,302 Patch 83 of 96 DE 0.194196, W.DE 0.194196, peqDE 0.156544, Repeat
2017-11-30 21:50:51,255 Patch 83 of 96 DE 0.095063, W.DE 0.095063, peqDE 0.168182, Repeat
2017-11-30 21:50:58,592 Patch 83 of 96 DE 0.094688, W.DE 0.094688, peqDE 0.167359, Repeat
2017-11-30 21:51:00,586 Patch 83 of 96 DE 0.093064, W.DE 0.093064, peqDE 0.166088, Repeat
2017-11-30 21:51:02,489 Patch 83 of 96 DE 0.115456, W.DE 0.118076, peqDE 0.047453, Repeat
2017-11-30 21:51:04,375 Patch 83 of 96 DE 0.095491, W.DE 0.095491, peqDE 0.168556, Repeat (got worse)
2017-11-30 21:51:06,275 Patch 83 of 96 DE 0.093737, W.DE 0.093737, peqDE 0.166117, Repeat (got worse)
2017-11-30 21:51:08,173 Patch 83 of 96 DE 0.118264, W.DE 0.120647, peqDE 0.048725, Repeat
2017-11-30 21:51:10,059 Patch 83 of 96 DE 0.095015, W.DE 0.095015, peqDE 0.167437, Repeat (got worse)
2017-11-30 21:51:11,960 Patch 83 of 96 DE 0.118719, W.DE 0.121330, peqDE 0.050032, Repeat (got worse)
2017-11-30 21:51:13,858 Patch 83 of 96 DE 0.094381, W.DE 0.094381, peqDE 0.167403, Repeat (got worse)
2017-11-30 21:51:15,743 Patch 83 of 96 DE 0.118782, W.DE 0.121068, peqDE 0.048617, Repeat
2017-11-30 21:51:17,641 Patch 83 of 96 DE 0.095146, W.DE 0.095146, peqDE 0.168229, Repeat (got worse)
2017-11-30 21:51:19,529 Patch 83 of 96 DE 0.119276, W.DE 0.121540, peqDE 0.049057, Repeat
2017-11-30 21:51:21,426 Patch 83 of 96 DE 0.095899, W.DE 0.095899, peqDE 0.169155, Repeat (got worse)
2017-11-30 21:51:23,311 Patch 83 of 96 DE 0.115456, W.DE 0.118076, W.peqDE 0.047453, Fail ( > 0.099396)
2017-11-30 21:51:25,450 Patch 84 of 96 DE 0.129217, W.DE 0.129217, peqDE 0.204237, Repeat
2017-11-30 21:51:33,556 Patch 84 of 96 DE 0.128534, W.DE 0.128534, peqDE 0.203621, Repeat
2017-11-30 21:51:35,591 Patch 84 of 96 DE 0.228294, W.DE 0.228294, peqDE 0.186465, Repeat
2017-11-30 21:51:37,660 Patch 84 of 96 DE 0.238310, W.DE 0.238716, peqDE 0.298762, Repeat
2017-11-30 21:51:39,673 Patch 84 of 96 DE 0.064530, W.DE 0.105356, peqDE 0.196650, Repeat
2017-11-30 21:51:41,677 Patch 84 of 96 DE 0.066054, W.DE 0.106946, peqDE 0.198335, Repeat (got worse)
2017-11-30 21:51:43,618 Patch 84 of 96 DE 0.228748, W.DE 0.228748, peqDE 0.186713, Repeat (got worse)
2017-11-30 21:51:45,630 Patch 84 of 96 DE 0.065857, W.DE 0.104922, peqDE 0.197266, Repeat
2017-11-30 21:51:47,572 Patch 84 of 96 DE 0.063588, W.DE 0.102125, peqDE 0.194542, Repeat
2017-11-30 21:51:49,559 Patch 84 of 96 DE 0.065492, W.DE 0.104211, peqDE 0.196609, Repeat
2017-11-30 21:51:51,539 Patch 84 of 96 DE 0.065234, W.DE 0.106334, peqDE 0.197596, Repeat (got worse)
2017-11-30 21:51:53,510 Patch 84 of 96 DE 0.230358, W.DE 0.230358, peqDE 0.187782, Repeat (got worse)
2017-11-30 21:51:55,509 Patch 84 of 96 DE 0.066722, W.DE 0.107428, peqDE 0.199017, Repeat (got worse)
2017-11-30 21:51:57,500 Patch 84 of 96 DE 0.143128, W.DE 0.371626, peqDE 0.194542, Repeat (got worse)
2017-11-30 21:51:59,476 Patch 84 of 96 DE 0.063341, W.DE 0.103010, peqDE 0.194840, Repeat (got worse)
2017-11-30 21:52:01,473 Patch 84 of 96 DE 0.063588, W.DE 0.102125, W.peqDE 0.194542, Fail ( > 0.080541)
2017-11-30 21:52:03,536 Patch 85 of 96 DE 0.180319, W.DE 0.180319, peqDE 0.186585, Repeat
2017-11-30 21:52:05,486 Patch 85 of 96 DE 0.090533, W.DE 0.090533, peqDE 0.086402, Repeat
2017-11-30 21:52:13,595 Patch 85 of 96 DE 0.090533, W.DE 0.090533, peqDE 0.086402, Repeat
2017-11-30 21:52:15,793 Patch 85 of 96 DE 0.141754, W.DE 0.141754, peqDE 0.193877, Repeat
2017-11-30 21:52:17,700 Patch 85 of 96 DE 0.180466, W.DE 0.180466, peqDE 0.203641, Repeat
2017-11-30 21:52:19,769 Patch 85 of 96 DE 0.075934, W.DE 0.839205, peqDE 0.837163, Repeat
2017-11-30 21:52:21,816 Patch 85 of 96 DE 0.073055, W.DE 0.837680, peqDE 0.835888, Repeat
2017-11-30 21:52:23,838 Patch 85 of 96 DE 0.142611, W.DE 0.142611, peqDE 0.194782, Repeat
2017-11-30 21:52:25,901 Patch 85 of 96 DE 0.074920, W.DE 0.839650, peqDE 0.837705, Repeat
2017-11-30 21:52:27,799 Patch 85 of 96 DE 0.179589, W.DE 0.179589, peqDE 0.202909, Repeat
2017-11-30 21:52:29,931 Patch 85 of 96 DE 0.241325, W.DE 0.701438, peqDE 0.692226, Repeat
2017-11-30 21:52:31,976 Patch 85 of 96 DE 0.211878, W.DE 0.211878, peqDE 0.268712, Repeat
2017-11-30 21:52:34,069 Patch 85 of 96 DE 0.074363, W.DE 0.843470, peqDE 0.841587, Repeat
2017-11-30 21:52:36,108 Patch 85 of 96 DE 0.213030, W.DE 0.213030, peqDE 0.269642, Repeat
2017-11-30 21:52:38,140 Patch 85 of 96 DE 0.309857, W.DE 0.309857, peqDE 0.254385, Repeat
2017-11-30 21:52:40,246 Patch 85 of 96 DE 0.090533, W.DE 0.090533, W.peqDE 0.086402, Fail ( > 0.064038)
2017-11-30 21:52:42,377 Patch 86 of 96 DE 0.134141, W.DE 0.134141, peqDE 0.139925, Repeat
2017-11-30 21:52:50,520 Patch 86 of 96 DE 0.134141, W.DE 0.134141, peqDE 0.139925, Repeat
2017-11-30 21:52:52,618 Patch 86 of 96 DE 0.061727, W.DE 0.061727, peqDE 0.056057, Repeat
2017-11-30 21:52:54,625 Patch 86 of 96 DE 0.061969, W.DE 0.061969, peqDE 0.055196, Repeat (got worse)
2017-11-30 21:52:56,618 Patch 86 of 96 DE 0.061649, W.DE 0.061649, peqDE 0.055742, Repeat
2017-11-30 21:52:58,637 Patch 86 of 96 DE 0.063310, W.DE 0.063310, peqDE 0.053671, Repeat (got worse)
2017-11-30 21:53:00,533 Patch 86 of 96 DE 0.126300, W.DE 0.126300, peqDE 0.171789, Repeat
2017-11-30 21:53:02,436 Patch 86 of 96 DE 0.168280, W.DE 0.168280, peqDE 0.217702, Repeat
2017-11-30 21:53:04,331 Patch 86 of 96 DE 0.070025, W.DE 2.163971, peqDE 2.163406, Repeat
2017-11-30 21:53:06,331 Patch 86 of 96 DE 0.061591, W.DE 0.061591, peqDE 0.055759, Repeat
2017-11-30 21:53:08,232 Patch 86 of 96 DE 0.071280, W.DE 2.160633, peqDE 2.160023, Repeat
2017-11-30 21:53:10,137 Patch 86 of 96 DE 0.124554, W.DE 0.124554, peqDE 0.170410, Repeat
2017-11-30 21:53:12,145 Patch 86 of 96 DE 0.129988, W.DE 0.129988, peqDE 0.148445, Repeat
2017-11-30 21:53:14,042 Patch 86 of 96 DE 0.158901, W.DE 0.933771, peqDE 0.929367, Repeat
2017-11-30 21:53:15,951 Patch 86 of 96 DE 0.167489, W.DE 0.167489, peqDE 0.216820, Repeat
2017-11-30 21:53:17,849 Patch 86 of 96 DE 0.061591, W.DE 0.061591, W.peqDE 0.055759, Fail ( > 0.050000)
2017-11-30 21:53:19,940 Patch 87 of 96 DE 0.095424, W.DE 0.095424, peqDE 0.100499, Repeat
2017-11-30 21:53:28,434 Patch 87 of 96 DE 0.095361, W.DE 0.095361, peqDE 0.099905, Repeat
2017-11-30 21:53:30,604 Patch 87 of 96 DE 0.042948, W.DE 0.042948, W.peqDE 0.041117, OK ( < 0.050000)
2017-11-30 21:53:32,749 Patch 88 of 96 DE 0.082191, W.DE 0.082191, peqDE 0.092187, Repeat
2017-11-30 21:53:34,846 Patch 88 of 96 DE 0.064586, W.DE 0.064586, peqDE 0.067298, Repeat
2017-11-30 21:53:43,486 Patch 88 of 96 DE 0.064415, W.DE 0.064415, peqDE 0.067743, Repeat
2017-11-30 21:53:45,641 Patch 88 of 96 DE 0.079602, W.DE 0.079602, peqDE 0.100634, Repeat
2017-11-30 21:53:47,714 Patch 88 of 96 DE 0.027679, W.DE 0.027679, W.peqDE 0.024163, OK ( < 0.050000)
2017-11-30 21:53:49,875 Patch 89 of 96 DE 0.070461, W.DE 0.070461, peqDE 0.082633, Repeat
2017-11-30 21:53:52,003 Patch 89 of 96 DE 0.052504, W.DE 0.052504, peqDE 0.061529, Repeat
2017-11-30 21:54:00,667 Patch 89 of 96 DE 0.043197, W.DE 0.043197, W.peqDE 0.045625, OK ( < 0.050000)
2017-11-30 21:54:02,910 Patch 90 of 96 DE 0.048659, W.DE 0.048659, peqDE 0.054395, Repeat
2017-11-30 21:54:05,045 Patch 90 of 96 DE 0.035524, W.DE 0.035524, W.peqDE 0.044193, OK ( < 0.050000)
2017-11-30 21:54:07,230 Patch 91 of 96 DE 0.030875, W.DE 0.030875, W.peqDE 0.038681, OK ( < 0.050000)
2017-11-30 21:54:09,415 Patch 92 of 96 DE 0.015847, W.DE 0.015847, W.peqDE 0.017976, OK ( < 0.050000)
2017-11-30 21:54:11,604 Patch 93 of 96 DE 0.011675, W.DE 0.011675, W.peqDE 0.011094, OK ( < 0.050000)
2017-11-30 21:54:13,775 Patch 94 of 96 DE 0.007173, W.DE 0.007173, W.peqDE 0.005668, OK ( < 0.050000)
2017-11-30 21:54:15,951 Patch 95 of 96 DE 0.004912, W.DE 0.004912, W.peqDE 0.004471, OK ( < 0.050000)
2017-11-30 21:54:18,121 Patch 96 of 96 DE 0.004289, W.DE 0.004289, W.peqDE 0.004289, OK ( < 0.050000)
2017-11-30 21:54:18,121 
2017-11-30 21:54:18,127 Brightness error = 0.363421 cd/m^2 (is 355.908104, should be 355.544683)
2017-11-30 21:54:18,128 White point error = 0.478099 deltaE
2017-11-30 21:54:18,128 Maximum neutral error (@ 0.149789) = 0.623970 deltaE
2017-11-30 21:54:18,130 Average neutral error = 0.247169 deltaE
2017-11-30 21:54:18,130 Failed to meet target 0.400000 delta E, got worst case 0.624551
2017-11-30 21:54:18,131 Number of measurements taken = 752
2017-11-30 21:54:18,131 Computing update to calibration curves...
2017-11-30 21:54:18,630 The instrument can be removed from the screen.
2017-11-30 21:54:18,825 Written calibration file 'Y2XND-LQ156D1 #1 2017-11-30 21-37 D6500 2.2 S XYZLUT+MTX.cal'
2017-11-30 21:54:18,931 DisplayCAL: Reached EOF (OK)
2017-11-30 21:54:19,201 --------------------------------------------------------------------------------
2017-11-30 21:54:19,203 Working directory:
2017-11-30 21:54:19,204   c:\
2017-11-30 21:54:19,204    users\
2017-11-30 21:54:19,206     dariu\
2017-11-30 21:54:19,206      appdata\
2017-11-30 21:54:19,207       local\
2017-11-30 21:54:19,207        temp\
2017-11-30 21:54:19,207         DisplayCAL-hikmwe\
2017-11-30 21:54:19,207 
2017-11-30 21:54:19,209 Command line:
2017-11-30 21:54:19,209   C:\Users\dariu\Downloads\Argyll_V2.0.0\bin\dispread.exe
2017-11-30 21:54:19,210     -v
2017-11-30 21:54:19,210     -d1
2017-11-30 21:54:19,210     -c1
2017-11-30 21:54:19,210     -yn
2017-11-30 21:54:19,210     "-P0.499507874016,0.497159090909,1.62443845463"
2017-11-30 21:54:19,211     -k
2017-11-30 21:54:19,213     "Y2XND-LQ156D1 #1 2017-11-30 21-37 D6500 2.2 S XYZLUT+MTX.cal"
2017-11-30 21:54:19,213     "Y2XND-LQ156D1 #1 2017-11-30 21-37 D6500 2.2 S XYZLUT+MTX"
2017-11-30 21:54:19,213 
2017-11-30 21:54:19,836 DisplayCAL: Starting interaction with subprocess
2017-11-30 21:54:19,841 Number of patches = 175
2017-11-30 21:54:19,842 Setting up the instrument
2017-11-30 21:54:20,869 Product Name:      i1Display3
2017-11-30 21:54:20,871 Serial Number:     I1-16.B-02.262810.12
2017-11-30 21:54:20,871 Firmware Version:  v2.28
2017-11-30 21:54:20,872 Firmware Date:     29Jan14
2017-11-30 21:54:21,145 Place instrument on test window.
2017-11-30 21:54:21,154 DisplayCAL: Waiting for send buffer
2017-11-30 21:54:22,650 DisplayCAL: Skipping place instrument on screen message...
2017-11-30 21:54:22,668 DisplayCAL: Sending buffer: ' '
2017-11-30 21:54:22,704 Hit Esc or Q to give up, any other key to continue:
2017-11-30 21:54:25,305 Measured display update delay of 46 msec, using delay of 161 msec & 0 msec inst reaction
2017-11-30 21:56:37,530 Patch 175 of 175
2017-11-30 21:56:37,532 The instrument can be removed from the screen.
2017-11-30 21:56:37,647 Written 'Y2XND-LQ156D1 #1 2017-11-30 21-37 D6500 2.2 S XYZLUT+MTX.ti3'
2017-11-30 21:56:37,753 DisplayCAL: Reached EOF (OK)
2017-11-30 21:56:38,023 -> Preparing ChromaticityType tag from TI3 colorants
2017-11-30 21:56:38,039 -> Storing settings in TI3
2017-11-30 21:56:38,174 Extracting neutrals from c:\users\dariu\appdata\local\temp\DisplayCAL-hikmwe\Y2XND-LQ156D1 #1 2017-11-30 21-37 D6500 2.2 S XYZLUT+MTX.ti3
2017-11-30 21:56:38,216 R=G=B (>= 1% luminance) dE*00 avg 0.704150505096 peak 1.6517015733
2017-11-30 21:56:38,237 Initial cLUT resolution 5x5x5
2017-11-30 21:56:42,977 Final interpolated cLUT resolution 33x33x33
2017-11-30 21:56:42,986 --------------------------------------------------------------------------------
2017-11-30 21:56:42,986 Creating matrix from primaries
2017-11-30 21:56:43,101 --------------------------------------------------------------------------------
2017-11-30 21:56:43,101 Creating shaper tags in separate step
2017-11-30 21:56:43,197 --------------------------------------------------------------------------------
2017-11-30 21:56:43,197 Adding rTRC from forward A2B lookup to Y2XND-LQ156D1 #1 2017-11-30 21-37 D6500 2.2 S XYZLUT+MTX
2017-11-30 21:56:43,198 Adding gTRC from forward A2B lookup to Y2XND-LQ156D1 #1 2017-11-30 21-37 D6500 2.2 S XYZLUT+MTX
2017-11-30 21:56:43,200 Adding bTRC from forward A2B lookup to Y2XND-LQ156D1 #1 2017-11-30 21-37 D6500 2.2 S XYZLUT+MTX
2017-11-30 21:56:43,203 --------------------------------------------------------------------------------
2017-11-30 21:56:43,204 Applying black point compensation to rTRC
2017-11-30 21:56:43,206 Applying black point compensation to gTRC
2017-11-30 21:56:43,207 Applying black point compensation to bTRC
2017-11-30 21:56:43,286 Applying 0% black point correction to A2B0 table
2017-11-30 21:56:44,457 100%
2017-11-30 21:56:44,568 --------------------------------------------------------------------------------
2017-11-30 21:56:44,569 Generating A2B1 by copying A2B0
2017-11-30 21:56:44,569 Generating B2A1 table by inverting A2B1 table
2017-11-30 21:56:44,571 
2017-11-30 21:56:44,641 Black XYZ: 0.0011 0.0011 0.0009
2017-11-30 21:56:44,641 White XYZ: 0.9642 1.0000 0.8249
2017-11-30 21:56:44,642 R XYZ: 0.6214 0.3123 0.0073
2017-11-30 21:56:44,644 G XYZ: 0.1954 0.6317 0.0631
2017-11-30 21:56:44,644 B XYZ: 0.1443 0.0537 0.7514
2017-11-30 21:56:44,645 Generating input curve PCS values...
2017-11-30 21:56:44,664 Looking up input curve RGB values...
2017-11-30 21:56:45,186 Setting curve entry #0 (0.000000 0.000000 0.000000) to black because it got clipped
2017-11-30 21:56:45,187 Setting curve entry #1 (0.000000 0.000000 0.000000) to black because it got clipped
2017-11-30 21:56:45,187 Setting curve entry #2 (0.000000 0.000000 0.000000) to black because it got clipped
2017-11-30 21:56:45,188 Setting curve entry #3 (0.000000 0.000000 0.000000) to black because it got clipped
2017-11-30 21:56:45,188 Setting curve entry #4 (0.000000 0.000000 0.000000) to black because it got clipped
2017-11-30 21:56:45,188 Setting curve entry #5 (0.000000 0.000000 0.000000) to black because it got clipped
2017-11-30 21:56:45,190 Setting curve entry #6 (0.000000 0.000000 0.000000) to black because it got clipped
2017-11-30 21:56:45,190 Setting curve entry #7 (0.000000 0.000000 0.000000) to black because it got clipped
2017-11-30 21:56:45,190 Setting curve entry #8 (0.000000 0.000000 0.000000) to black because it got clipped
2017-11-30 21:56:45,190 Setting curve entry #9 (0.000000 0.000000 0.000000) to black because it got clipped
2017-11-30 21:56:45,191 Setting curve entry #10 (0.000000 0.000000 0.000000) to black because it got clipped
2017-11-30 21:56:45,193 Setting curve entry #11 (0.000000 0.000000 0.000000) to black because it got clipped
2017-11-30 21:56:45,193 Setting curve entry #12 (0.000000 0.000000 0.000000) to black because it got clipped
2017-11-30 21:56:45,194 Setting curve entry #13 (0.000000 0.000000 0.000000) to black because it got clipped
2017-11-30 21:56:45,194 Setting curve entry #14 (0.000000 0.000000 0.000000) to black because it got clipped
2017-11-30 21:56:45,196 Setting curve entry #15 (0.000000 0.000000 0.000000) to black because it got clipped
2017-11-30 21:56:45,196 Setting curve entry #16 (0.000000 0.000000 0.000000) to black because it got clipped
2017-11-30 21:56:45,196 Setting curve entry #17 (0.000000 0.000000 0.000000) to black because it got clipped
2017-11-30 21:56:45,196 Setting curve entry #18 (0.000000 0.000000 0.000000) to black because it got clipped
2017-11-30 21:56:45,197 Setting curve entry #19 (0.000000 0.000000 0.000000) to black because it got clipped
2017-11-30 21:56:45,197 Setting curve entry #20 (0.000000 0.000000 0.000000) to black because it got clipped
2017-11-30 21:56:45,197 Setting curve entry #21 (0.000000 0.000000 0.000000) to black because it got clipped
2017-11-30 21:56:45,197 Setting curve entry #22 (0.000000 0.000000 0.000000) to black because it got clipped
2017-11-30 21:56:45,197 Setting curve entry #23 (0.000000 0.000000 0.000000) to black because it got clipped
2017-11-30 21:56:45,198 Setting curve entry #24 (0.000000 0.000000 0.000000) to black because it got clipped
2017-11-30 21:56:45,198 Setting curve entry #25 (0.000000 0.000000 0.000000) to black because it got clipped
2017-11-30 21:56:45,198 Setting curve entry #26 (0.000000 0.000000 0.000000) to black because it got clipped
2017-11-30 21:56:45,200 Setting curve entry #27 (0.000000 0.000000 0.000000) to black because it got clipped
2017-11-30 21:56:45,200 Setting curve entry #28 (0.000000 0.000000 0.000000) to black because it got clipped
2017-11-30 21:56:45,200 Setting curve entry #29 (0.000000 0.000000 0.000000) to black because it got clipped
2017-11-30 21:56:45,200 Setting curve entry #30 (0.000000 0.000000 0.000000) to black because it got clipped
2017-11-30 21:56:45,200 Setting curve entry #31 (0.000000 0.000000 0.000000) to black because it got clipped
2017-11-30 21:56:45,201 Setting curve entry #32 (0.000000 0.000000 0.000000) to black because it got clipped
2017-11-30 21:56:45,201 Setting curve entry #33 (0.000000 0.000000 0.000000) to black because it got clipped
2017-11-30 21:56:45,201 Setting curve entry #34 (0.000000 0.000000 0.000000) to black because it got clipped
2017-11-30 21:56:45,203 Setting curve entry #35 (0.000000 0.000000 0.000000) to black because it got clipped
2017-11-30 21:56:45,203 Setting curve entry #36 (0.000000 0.000000 0.000000) to black because it got clipped
2017-11-30 21:56:45,203 Setting curve entry #37 (0.000000 0.000000 0.000000) to black because it got clipped
2017-11-30 21:56:45,204 Setting curve entry #38 (0.000000 0.000000 0.000000) to black because it got clipped
2017-11-30 21:56:45,204 Setting curve entry #39 (0.000000 0.000000 0.000000) to black because it got clipped
2017-11-30 21:56:45,204 Setting curve entry #40 (0.000000 0.000000 0.000000) to black because it got clipped
2017-11-30 21:56:45,207 Setting curve entry #4095 (1.000000 0.999993 1.000000) to white because it got clipped
2017-11-30 21:56:45,209 Setting up matrix
2017-11-30 21:56:45,210 Increasing saturation of actual primaries for PCS candidate to 103%...
2017-11-30 21:56:45,210 R xy 0.660353 0.331928 -> 0.669793 0.331130
2017-11-30 21:56:45,210 G xy 0.219472 0.709633 -> 0.215685 0.720166
2017-11-30 21:56:45,211 B xy 0.152026 0.056600 -> 0.146216 0.047542
2017-11-30 21:56:45,213 Checking for suitable PCS candidate...
2017-11-30 21:56:45,213 PCS candidate based on actual primaries fit: 1.01 (area: 94.26%)
2017-11-30 21:56:45,214 Using primaries: PCS candidate based on actual primaries
2017-11-30 21:56:45,216 Using R XYZ: 0.6325 0.3127 -0.0009
2017-11-30 21:56:45,216 Using G XYZ: 0.1923 0.6420 0.0572
2017-11-30 21:56:45,217 Using B XYZ: 0.1394 0.0453 0.7686
2017-11-30 21:56:45,217 R+G+B XYZ: 0.9642 1.0000 0.8249
2017-11-30 21:56:45,217 Correction factors: 1.0000 1.0000 1.0000
2017-11-30 21:56:45,220 Matrix 1:
2017-11-30 21:56:45,220 [1.8395212050599579, -0.5239608082379791, -0.302710071136904]
2017-11-30 21:56:45,220 [-0.90096200878578, 1.8225779293904214, 0.05592149288498928]
2017-11-30 21:56:45,221 [0.06911675160835988, -0.13619336793899806, 1.2965826112719332]
2017-11-30 21:56:45,223 Matrix 2:
2017-11-30 21:56:45,223 [1.839505969273824, -0.5239564685463274, -0.3027075639486793]
2017-11-30 21:56:45,223 [-0.900964843362183, 1.822583663523871, 0.05592166882331141]
2017-11-30 21:56:45,224 [0.06911762147078816, -0.1361950819879225, 1.296598929291407]
2017-11-30 21:56:45,226 Matrix 3:
2017-11-30 21:56:45,226 [1.999969482421875, 0, 0]
2017-11-30 21:56:45,227 [0, 1.999969482421875, 0]
2017-11-30 21:56:45,229 [0, 0, 1.999969482421875]
2017-11-30 21:56:45,230 Final matrix:
2017-11-30 21:56:45,230 [3.6789558012805195, -1.0478969472101918, -0.6054058899956268]
2017-11-30 21:56:45,230 [-1.8019021914593707, 3.645111706208401, 0.11184163105272563]
2017-11-30 21:56:45,232 [0.13823313363916329, -0.27238600763179016, 2.593158289523693]
2017-11-30 21:56:45,233 Applying matrix to input curve XYZ values...
2017-11-30 21:56:45,250 Generating input curves...
2017-11-30 21:56:50,108 100%
2017-11-30 21:56:50,109 Generating A2B1 table lookup input values...
2017-11-30 21:56:50,111 cLUT grid res: 33
2017-11-30 21:56:50,111 Looking up input values through A2B1 table (6 workers)...
2017-11-30 21:56:50,111 Using CAM Jab for clipping
2017-11-30 21:57:11,828 100%
2017-11-30 21:57:11,828 Input black XYZ: 0.001051 0.001081 0.000901
2017-11-30 21:57:11,829 Input white XYZ: 0.964200 1.000000 0.824900
2017-11-30 21:57:11,868 Output black RGB: 0.0000 0.0000 0.0000
2017-11-30 21:57:11,869 Output white RGB: 99.9998 100.0000 100.0000
2017-11-30 21:57:11,885 Filling cLUT...
2017-11-30 21:57:12,026 100%
2017-11-30 21:57:12,198 Smoothing B2A1...
2017-11-30 21:57:13,256 Generating B2A0 table by inverting A2B0 table
2017-11-30 21:57:13,256 
2017-11-30 21:57:13,328 Black XYZ: 0.0011 0.0011 0.0009
2017-11-30 21:57:13,331 White XYZ: 0.9642 1.0000 0.8249
2017-11-30 21:57:13,332 R XYZ: 0.6214 0.3123 0.0073
2017-11-30 21:57:13,332 G XYZ: 0.1954 0.6317 0.0631
2017-11-30 21:57:13,332 B XYZ: 0.1443 0.0537 0.7514
2017-11-30 21:57:13,334 Generating input curve PCS values...
2017-11-30 21:57:13,351 Applying BPC to input curve PCS values...
2017-11-30 21:57:13,436 Looking up input curve RGB values...
2017-11-30 21:57:13,841 Setting curve entry #4095 (1.000000 0.999993 1.000000) to white because it got clipped
2017-11-30 21:57:13,842 Applying matrix to input curve XYZ values...
2017-11-30 21:57:13,858 Generating input curves...
2017-11-30 21:57:19,207 100%
2017-11-30 21:57:19,707 --------------------------------------------------------------------------------
2017-11-30 21:57:19,710 Working directory:
2017-11-30 21:57:19,710   c:\
2017-11-30 21:57:19,711    users\
2017-11-30 21:57:19,711     dariu\
2017-11-30 21:57:19,713      appdata\
2017-11-30 21:57:19,713       local\
2017-11-30 21:57:19,713        temp\
2017-11-30 21:57:19,713         DisplayCAL-hikmwe\
2017-11-30 21:57:19,714 
2017-11-30 21:57:19,714 Command line:
2017-11-30 21:57:19,716   C:\Users\dariu\Downloads\Argyll_V2.0.0\bin\profcheck.exe
2017-11-30 21:57:19,716     "Y2XND-LQ156D1 #1 2017-11-30 21-37 D6500 2.2 S XYZLUT+MTX.ti3"
2017-11-30 21:57:19,717     "Y2XND-LQ156D1 #1 2017-11-30 21-37 D6500 2.2 S XYZLUT+MTX.icm"
2017-11-30 21:57:19,717 
2017-11-30 21:57:19,770 Profile check complete, errors: max. = 0.908543, avg. = 0.101147, RMS = 0.207860
2017-11-30 21:57:19,773 --------------------------------------------------------------------------------
2017-11-30 21:57:19,773 Generating gamut views...
2017-11-30 21:57:20,539 --------------------------------------------------------------------------------
2017-11-30 21:57:20,545 Working directory:
2017-11-30 21:57:20,546   c:\
2017-11-30 21:57:20,546    users\
2017-11-30 21:57:20,548     dariu\
2017-11-30 21:57:20,549      appdata\
2017-11-30 21:57:20,551       local\
2017-11-30 21:57:20,552        temp\
2017-11-30 21:57:20,553         DisplayCAL-hikmwe\
2017-11-30 21:57:20,555 
2017-11-30 21:57:20,556 Command line:
2017-11-30 21:57:20,558   C:\Users\dariu\Downloads\Argyll_V2.0.0\bin\iccgamut.exe
2017-11-30 21:57:20,559     -v
2017-11-30 21:57:20,562     -w
2017-11-30 21:57:20,562     -ir
2017-11-30 21:57:20,562     -ff
2017-11-30 21:57:20,563     -on
2017-11-30 21:57:20,563     -d10.00
2017-11-30 21:57:20,565     "Y2XND-LQ156D1 #1 2017-11-30 21-37 D6500 2.2 S XYZLUT+MTX.icm"
2017-11-30 21:57:20,565 
2017-11-30 21:57:21,312 Header:
2017-11-30 21:57:21,312   size         = 715588 bytes
2017-11-30 21:57:21,312   CMM          = 0x0
2017-11-30 21:57:21,312   Version      = 2.4.0
2017-11-30 21:57:21,312   Device Class = Display
2017-11-30 21:57:21,313   Color Space  = RGB
2017-11-30 21:57:21,313   Conn. Space  = XYZ
2017-11-30 21:57:21,313   Date, Time   = 30 Nov 2017, 21:56:38
2017-11-30 21:57:21,315   Platform     = Unrecognized - 0x0
2017-11-30 21:57:21,315   Flags        = Not Embedded Profile, Use anywhere
2017-11-30 21:57:21,315   Dev. Mnfctr. = 0x0
2017-11-30 21:57:21,315   Dev. Model   = 0x0
2017-11-30 21:57:21,315   Dev. Attrbts = Reflective, Glossy, Positive, Color
2017-11-30 21:57:21,315   Rndrng Intnt = Perceptual
2017-11-30 21:57:21,315   Illuminant   = 0.96420288, 1.00000000, 0.82490540    [Lab 100.000000, 0.000000, 0.000000]
2017-11-30 21:57:21,315   Creator      = 0x0
2017-11-30 21:57:21,315 
2017-11-30 21:57:21,315 Total volume of gamut is 1299657.255038 cubic colorspace units
2017-11-30 21:57:22,641 --------------------------------------------------------------------------------
2017-11-30 21:57:22,641 Command line:
2017-11-30 21:57:22,644   C:\Users\dariu\Downloads\Argyll_V2.0.0\bin\viewgam.exe
2017-11-30 21:57:22,645     -cw
2017-11-30 21:57:22,645     -t0
2017-11-30 21:57:22,647     -w
2017-11-30 21:57:22,647     "C:\Program Files (x86)\DisplayCAL\ref\sRGB.gam"
2017-11-30 21:57:22,648     -cn
2017-11-30 21:57:22,648     -t.3
2017-11-30 21:57:22,648     -s
2017-11-30 21:57:22,648     "Y2XND-LQ156D1 #1 2017-11-30 21-37 D6500 2.2 S XYZLUT+MTX.gam"
2017-11-30 21:57:22,648     -i
2017-11-30 21:57:22,650     "Y2XND-LQ156D1 #1 2017-11-30 21-37 D6500 2.2 S XYZLUT+MTX vs sRGB.wrl"
2017-11-30 21:57:22,650 
2017-11-30 21:57:22,651 Intersecting volume = 832037.5 cubic units
2017-11-30 21:57:22,651 'C:\Program Files (x86)\DisplayCAL\ref\sRGB.gam' volume = 833675.1 cubic units, intersect = 99.80%
2017-11-30 21:57:22,651 'Y2XND-LQ156D1 #1 2017-11-30 21-37 D6500 2.2 S XYZLUT+MTX.gam' volume = 1299657.3 cubic units, intersect = 64.02%
2017-11-30 21:57:23,177 --------------------------------------------------------------------------------
2017-11-30 21:57:23,180 Command line:
2017-11-30 21:57:23,180   C:\Users\dariu\Downloads\Argyll_V2.0.0\bin\viewgam.exe
2017-11-30 21:57:23,181     -cw
2017-11-30 21:57:23,181     -t0
2017-11-30 21:57:23,183     -w
2017-11-30 21:57:23,183     "C:\Program Files (x86)\DisplayCAL\ref\ClayRGB1998.gam"
2017-11-30 21:57:23,184     -cn
2017-11-30 21:57:23,184     -t.3
2017-11-30 21:57:23,184     -s
2017-11-30 21:57:23,184     "Y2XND-LQ156D1 #1 2017-11-30 21-37 D6500 2.2 S XYZLUT+MTX.gam"
2017-11-30 21:57:23,186     -i
2017-11-30 21:57:23,187     "Y2XND-LQ156D1 #1 2017-11-30 21-37 D6500 2.2 S XYZLUT+MTX vs
2017-11-30 21:57:23,187       ClayRGB1998.wrl"
2017-11-30 21:57:23,187 
2017-11-30 21:57:23,187 Intersecting volume = 1204361.8 cubic units
2017-11-30 21:57:23,187 'C:\Program Files (x86)\DisplayCAL\ref\ClayRGB1998.gam' volume = 1209985.9 cubic units, intersect = 99.54%
2017-11-30 21:57:23,188 'Y2XND-LQ156D1 #1 2017-11-30 21-37 D6500 2.2 S XYZLUT+MTX.gam' volume = 1299657.3 cubic units, intersect = 92.67%
2017-11-30 21:57:23,188 --------------------------------------------------------------------------------
2017-11-30 21:57:23,190 Command line:
2017-11-30 21:57:23,190   C:\Users\dariu\Downloads\Argyll_V2.0.0\bin\viewgam.exe
2017-11-30 21:57:23,190     -cw
2017-11-30 21:57:23,191     -t0
2017-11-30 21:57:23,193     -w
2017-11-30 21:57:23,193     "C:\Program Files (x86)\DisplayCAL\ref\SMPTE431_P3.gam"
2017-11-30 21:57:23,194     -cn
2017-11-30 21:57:23,194     -t.3
2017-11-30 21:57:23,196     -s
2017-11-30 21:57:23,196     "Y2XND-LQ156D1 #1 2017-11-30 21-37 D6500 2.2 S XYZLUT+MTX.gam"
2017-11-30 21:57:23,197     -i
2017-11-30 21:57:23,198     "Y2XND-LQ156D1 #1 2017-11-30 21-37 D6500 2.2 S XYZLUT+MTX vs
2017-11-30 21:57:23,198       SMPTE431_P3.wrl"
2017-11-30 21:57:23,200 
2017-11-30 21:57:23,200 Intersecting volume = 1046696.2 cubic units
2017-11-30 21:57:23,200 'C:\Program Files (x86)\DisplayCAL\ref\SMPTE431_P3.gam' volume = 1176953.5 cubic units, intersect = 88.93%
2017-11-30 21:57:23,200 'Y2XND-LQ156D1 #1 2017-11-30 21-37 D6500 2.2 S XYZLUT+MTX.gam' volume = 1299657.3 cubic units, intersect = 80.54%
2017-11-30 21:57:23,434 --------------------------------------------------------------------------------
