2017-11-30 21:58:51,865 --------------------------------------------------------------------------------
2017-11-30 21:58:51,867 Working directory:
2017-11-30 21:58:51,868   c:\
2017-11-30 21:58:51,868    users\
2017-11-30 21:58:51,868     dariu\
2017-11-30 21:58:51,868      appdata\
2017-11-30 21:58:51,869       local\
2017-11-30 21:58:51,869        temp\
2017-11-30 21:58:51,871         DisplayCAL-atcyqn\
2017-11-30 21:58:51,871 
2017-11-30 21:58:51,871 Command line:
2017-11-30 21:58:51,871   C:\Users\dariu\Downloads\Argyll_V2.0.0\bin\dispread.exe
2017-11-30 21:58:51,871     -v
2017-11-30 21:58:51,872     -k
2017-11-30 21:58:51,872     "C:\Program Files (x86)\DisplayCAL\linear.cal"
2017-11-30 21:58:51,874     -d1
2017-11-30 21:58:51,898     -c1
2017-11-30 21:58:51,898     -yn
2017-11-30 21:58:51,898     "-P0.499507874016,0.497159090909,1.62443845463"
2017-11-30 21:58:51,900     0_16
2017-11-30 21:58:51,900 
2017-11-30 21:58:52,528 DisplayCAL: Starting interaction with subprocess
2017-11-30 21:58:52,529 Number of patches = 3
2017-11-30 21:58:52,529 Setting up the instrument
2017-11-30 21:58:53,569 Product Name:      i1Display3
2017-11-30 21:58:53,569 Serial Number:     I1-16.B-02.262810.12
2017-11-30 21:58:53,571 Firmware Version:  v2.28
2017-11-30 21:58:53,571 Firmware Date:     29Jan14
2017-11-30 21:58:53,845 Place instrument on test window.
2017-11-30 21:58:53,845 DisplayCAL: Waiting for send buffer
2017-11-30 21:58:55,338 DisplayCAL: Skipping place instrument on screen message...
2017-11-30 21:58:55,365 DisplayCAL: Sending buffer: ' '
2017-11-30 21:58:55,408 Hit Esc or Q to give up, any other key to continue:
2017-11-30 21:58:58,010 Measured display update delay of 47 msec, using delay of 162 msec & 0 msec inst reaction
2017-11-30 21:59:02,502 Patch 3 of 3
2017-11-30 21:59:02,503 The instrument can be removed from the screen.
2017-11-30 21:59:02,647 Written '0_16.ti3'
2017-11-30 21:59:02,752 DisplayCAL: Reached EOF (OK)
2017-11-30 21:59:02,779 RGB level 0 is 0.388234 cd/m2
2017-11-30 21:59:02,779 RGB level 16 is 0.909713 cd/m2
2017-11-30 21:59:02,779 Assuming full range output levels
